Using pre-set license
Built from '2022.3/staging' branch; Version is '2022.3.9f1 (ea401c316338) revision 15351836'; Using compiler version '192829333'; Build Type 'Release'
OS: 'Windows 10  (10.0.19045) 64bit Professional' Language: 'en' Physical Memory: 32605 MB
BatchMode: 1, IsHumanControllingUs: 0, StartBugReporterOnCrash: 0, Is64bit: 1, IsPro: 1

COMMAND LINE ARGUMENTS:
C:\Program Files\Unity\Hub\Editor\2022.3.9f1\Editor\Unity.exe
-adb2
-batchMode
-noUpm
-name
AssetImportWorker0
-projectPath
C:/Users/keray/Unity3d/MemoryGame/MemoryRoom
-logFile
Logs/AssetImportWorker0.log
-srvPort
58195
Successfully changed project path to: C:/Users/keray/Unity3d/MemoryGame/MemoryRoom
C:/Users/keray/Unity3d/MemoryGame/MemoryRoom
[UnityMemory] Configuration Parameters - Can be set up in boot.config
    "memorysetup-bucket-allocator-granularity=16"
    "memorysetup-bucket-allocator-bucket-count=8"
    "memorysetup-bucket-allocator-block-size=33554432"
    "memorysetup-bucket-allocator-block-count=8"
    "memorysetup-main-allocator-block-size=16777216"
    "memorysetup-thread-allocator-block-size=16777216"
    "memorysetup-gfx-main-allocator-block-size=16777216"
    "memorysetup-gfx-thread-allocator-block-size=16777216"
    "memorysetup-cache-allocator-block-size=4194304"
    "memorysetup-typetree-allocator-block-size=2097152"
    "memorysetup-profiler-bucket-allocator-granularity=16"
    "memorysetup-profiler-bucket-allocator-bucket-count=8"
    "memorysetup-profiler-bucket-allocator-block-size=33554432"
    "memorysetup-profiler-bucket-allocator-block-count=8"
    "memorysetup-profiler-allocator-block-size=16777216"
    "memorysetup-profiler-editor-allocator-block-size=1048576"
    "memorysetup-temp-allocator-size-main=16777216"
    "memorysetup-job-temp-allocator-block-size=2097152"
    "memorysetup-job-temp-allocator-block-size-background=1048576"
    "memorysetup-job-temp-allocator-reduction-small-platforms=262144"
    "memorysetup-allocator-temp-initial-block-size-main=262144"
    "memorysetup-allocator-temp-initial-block-size-worker=262144"
    "memorysetup-temp-allocator-size-background-worker=32768"
    "memorysetup-temp-allocator-size-job-worker=262144"
    "memorysetup-temp-allocator-size-preload-manager=33554432"
    "memorysetup-temp-allocator-size-nav-mesh-worker=65536"
    "memorysetup-temp-allocator-size-audio-worker=65536"
    "memorysetup-temp-allocator-size-cloud-worker=32768"
    "memorysetup-temp-allocator-size-gi-baking-worker=262144"
    "memorysetup-temp-allocator-size-gfx=262144"
Player connection [16924] Host "[IP] 192.168.1.63 [Port] 0 [Flags] 2 [Guid] 526985169 [EditorId] 526985169 [Version] 1048832 [Id] WindowsEditor(7,DESKTOP-GKT6A7J) [Debug] 1 [PackageName] WindowsEditor [ProjectName] Editor" joined multi-casting on [225.0.0.222:54997]...

Player connection [16924] Host "[IP] 192.168.1.63 [Port] 0 [Flags] 2 [Guid] 526985169 [EditorId] 526985169 [Version] 1048832 [Id] WindowsEditor(7,DESKTOP-GKT6A7J) [Debug] 1 [PackageName] WindowsEditor [ProjectName] Editor" joined alternative multi-casting on [225.0.0.222:34997]...

[Physics::Module] Initialized MultithreadedJobDispatcher with 11 workers.
Refreshing native plugins compatible for Editor in 5.96 ms, found 3 plugins.
Preloading 0 native plugins for Editor in 0.00 ms.
Initialize engine version: 2022.3.9f1 (ea401c316338)
[Subsystems] Discovering subsystems at path C:/Program Files/Unity/Hub/Editor/2022.3.9f1/Editor/Data/Resources/UnitySubsystems
[Subsystems] Discovering subsystems at path C:/Users/keray/Unity3d/MemoryGame/MemoryRoom/Assets
GfxDevice: creating device client; threaded=0; jobified=0
Direct3D:
    Version:  Direct3D 11.0 [level 11.1]
    Renderer: AMD Radeon RX 7600 (ID=0x7480)
    Vendor:   ATI
    VRAM:     8128 MB
    Driver:   31.0.22030.2
Initialize mono
Mono path[0] = 'C:/Program Files/Unity/Hub/Editor/2022.3.9f1/Editor/Data/Managed'
Mono path[1] = 'C:/Program Files/Unity/Hub/Editor/2022.3.9f1/Editor/Data/MonoBleedingEdge/lib/mono/unityjit-win32'
Mono config path = 'C:/Program Files/Unity/Hub/Editor/2022.3.9f1/Editor/Data/MonoBleedingEdge/etc'
Using monoOptions --debugger-agent=transport=dt_socket,embedding=1,server=y,suspend=n,address=127.0.0.1:56068
Begin MonoManager ReloadAssembly
Registering precompiled unity dll's ...
Register platform support module: C:/Program Files/Unity/Hub/Editor/2022.3.9f1/Editor/Data/PlaybackEngines/WindowsStandaloneSupport/UnityEditor.WindowsStandalone.Extensions.dll
Registered in 0.006208 seconds.
- Loaded All Assemblies, in  0.298 seconds
Native extension for WindowsStandalone target not found
Mono: successfully reloaded assembly
- Finished resetting the current domain, in  0.234 seconds
Domain Reload Profiling: 531ms
	BeginReloadAssembly (92ms)
		ExecutionOrderSort (0ms)
		DisableScriptedObjects (0ms)
		BackupInstance (0ms)
		ReleaseScriptingObjects (0ms)
		CreateAndSetChildDomain (1ms)
	RebuildCommonClasses (32ms)
	RebuildNativeTypeToScriptingClass (8ms)
	initialDomainReloadingComplete (51ms)
	LoadAllAssembliesAndSetupDomain (114ms)
		LoadAssemblies (90ms)
		RebuildTransferFunctionScriptingTraits (0ms)
		AnalyzeDomain (112ms)
			TypeCache.Refresh (111ms)
				TypeCache.ScanAssembly (100ms)
			ScanForSourceGeneratedMonoScriptInfo (0ms)
			ResolveRequiredComponents (0ms)
	FinalizeReload (235ms)
		ReleaseScriptCaches (0ms)
		RebuildScriptCaches (0ms)
		SetupLoadedEditorAssemblies (179ms)
			LogAssemblyErrors (0ms)
			InitializePlatformSupportModulesInManaged (8ms)
			SetLoadedEditorAssemblies (6ms)
			RefreshPlugins (0ms)
			BeforeProcessingInitializeOnLoad (2ms)
			ProcessInitializeOnLoadAttributes (117ms)
			ProcessInitializeOnLoadMethodAttributes (46ms)
			AfterProcessingInitializeOnLoad (0ms)
			EditorAssembliesLoaded (0ms)
		ExecutionOrderSort2 (0ms)
		AwakeInstancesAfterBackupRestoration (0ms)
========================================================================
Worker process is ready to serve import requests
Begin MonoManager ReloadAssembly
- Loaded All Assemblies, in  0.513 seconds
Refreshing native plugins compatible for Editor in 2.68 ms, found 3 plugins.
Native extension for WindowsStandalone target not found
Package Manager log level set to [2]
[Package Manager] Server::EnsureServerProcessIsRunning -- launch failed, reason: Unity was launched with the -noUpm command-line argument
[Package Manager] UpmClient::Send -- Unable to send message (not connected to UPM process).
[Package Manager] Cannot connect to Unity Package Manager local server
Mono: successfully reloaded assembly
- Finished resetting the current domain, in  0.499 seconds
Domain Reload Profiling: 1010ms
	BeginReloadAssembly (120ms)
		ExecutionOrderSort (0ms)
		DisableScriptedObjects (4ms)
		BackupInstance (0ms)
		ReleaseScriptingObjects (0ms)
		CreateAndSetChildDomain (17ms)
	RebuildCommonClasses (25ms)
	RebuildNativeTypeToScriptingClass (8ms)
	initialDomainReloadingComplete (31ms)
	LoadAllAssembliesAndSetupDomain (326ms)
		LoadAssemblies (242ms)
		RebuildTransferFunctionScriptingTraits (0ms)
		AnalyzeDomain (155ms)
			TypeCache.Refresh (138ms)
				TypeCache.ScanAssembly (125ms)
			ScanForSourceGeneratedMonoScriptInfo (13ms)
			ResolveRequiredComponents (3ms)
	FinalizeReload (499ms)
		ReleaseScriptCaches (0ms)
		RebuildScriptCaches (0ms)
		SetupLoadedEditorAssemblies (364ms)
			LogAssemblyErrors (0ms)
			InitializePlatformSupportModulesInManaged (5ms)
			SetLoadedEditorAssemblies (2ms)
			RefreshPlugins (0ms)
			BeforeProcessingInitializeOnLoad (58ms)
			ProcessInitializeOnLoadAttributes (278ms)
			ProcessInitializeOnLoadMethodAttributes (15ms)
			AfterProcessingInitializeOnLoad (6ms)
			EditorAssembliesLoaded (0ms)
		ExecutionOrderSort2 (0ms)
		AwakeInstancesAfterBackupRestoration (11ms)
Launched and connected shader compiler UnityShaderCompiler.exe after 0.04 seconds
Refreshing native plugins compatible for Editor in 2.00 ms, found 3 plugins.
Preloading 0 native plugins for Editor in 0.00 ms.
Unloading 3640 Unused Serialized files (Serialized files now loaded: 0)
Unloading 62 unused Assets / (2.5 MB). Loaded Objects now: 4079.
Memory consumption went from 149.0 MB to 146.6 MB.
Total: 3.027700 ms (FindLiveObjects: 0.167600 ms CreateObjectMapping: 0.078000 ms MarkObjects: 2.189600 ms  DeleteObjects: 0.591600 ms)

AssetImportParameters requested are different than current active one (requested -> active):
  custom:container-demuxer-ogg: 62fdf1f143b41e24485cea50d1cbac27 -> 
  custom:video-decoder-ogg-theora: a1e56fd34408186e4bbccfd4996cb3dc -> 
  custom:framework-win-MediaFoundation: 216162199b28c13a410421893ffa2e32 -> 
  custom:CustomObjectIndexerAttribute: 756ad292c208cfabdd7b50bc23989ffe -> 
  custom:container-demuxer-webm: 4f35f7cbe854078d1ac9338744f61a02 -> 
  custom:container-muxer-webm: aa71ff27fc2769a1b78a27578f13a17b -> 
  custom:video-decoder-webm-vp8: 9c59270c3fd7afecdb556c50c9e8de78 -> 
  custom:SearchIndexIgnoredProperties: e643bd26f0fe6173181afceb89e7c659 -> 
  custom:AudioImporter_EditorPlatform: d09bf68614088b80899f8185d706f6e7 -> 
  custom:video-encoder-webm-vp8: eb34c28f22e8b96e1ab97ce403110664 -> 
  custom:audio-decoder-ogg-vorbis: bf7c407c2cedff20999df2af8eb42d56 -> 
  custom:audio-encoder-webm-vorbis: bf7c407c2cedff20999df2af8eb42d56 -> 
========================================================================
Received Import Request.
  Time since last request: 314036.825887 seconds.
  path: Assets/BigFurniturePack/Prefabs/Cabinets&Racks/cabinet_3.prefab
  artifactKey: Guid(df7f243bd429cd5408f1ad2978c21cec) Importer(815301076,1909f56bfc062723c751e8b465ee728b)
Start importing Assets/BigFurniturePack/Prefabs/Cabinets&Racks/cabinet_3.prefab using Guid(df7f243bd429cd5408f1ad2978c21cec) Importer(815301076,1909f56bfc062723c751e8b465ee728b)  -> (artifact id: 'aecf203d6ea95da828ce98615642bcef') in 0.091267 seconds
Number of updated asset objects reloaded before import = 0
Number of asset objects unloaded after import = 25
========================================================================
Received Import Request.
  Time since last request: 0.000032 seconds.
  path: Assets/BigFurniturePack/Prefabs/Cabinets&Racks/rack_5.prefab
  artifactKey: Guid(166c46565a20cbd48b376b1082b8376b) Importer(815301076,1909f56bfc062723c751e8b465ee728b)
Start importing Assets/BigFurniturePack/Prefabs/Cabinets&Racks/rack_5.prefab using Guid(166c46565a20cbd48b376b1082b8376b) Importer(815301076,1909f56bfc062723c751e8b465ee728b)  -> (artifact id: '4a98ea699a24548afc19d278a1d5f69b') in 0.020967 seconds
Number of updated asset objects reloaded before import = 0
Number of asset objects unloaded after import = 8
========================================================================
Received Import Request.
  Time since last request: 0.000017 seconds.
  path: Assets/BigFurniturePack/Prefabs/Cabinets&Racks/rack_1.prefab
  artifactKey: Guid(51df288df6d8c864aae27c801a5fd8a5) Importer(815301076,1909f56bfc062723c751e8b465ee728b)
Start importing Assets/BigFurniturePack/Prefabs/Cabinets&Racks/rack_1.prefab using Guid(51df288df6d8c864aae27c801a5fd8a5) Importer(815301076,1909f56bfc062723c751e8b465ee728b)  -> (artifact id: '9e5c73e6c0c39510ac1bbbdaa2c3daeb') in 0.011661 seconds
Number of updated asset objects reloaded before import = 0
Number of asset objects unloaded after import = 8
========================================================================
Received Import Request.
  Time since last request: 39.755961 seconds.
  path: Assets/BigFurniturePack/Prefabs/Vases/vase_1.prefab
  artifactKey: Guid(caa8fd4c881e43744b8164d904df19c6) Importer(815301076,1909f56bfc062723c751e8b465ee728b)
Start importing Assets/BigFurniturePack/Prefabs/Vases/vase_1.prefab using Guid(caa8fd4c881e43744b8164d904df19c6) Importer(815301076,1909f56bfc062723c751e8b465ee728b)  -> (artifact id: '51c8f9c2a9cb9422a7b70a4ef0774cba') in 0.028278 seconds
Number of updated asset objects reloaded before import = 0
Number of asset objects unloaded after import = 15
========================================================================
Received Import Request.
  Time since last request: 0.000019 seconds.
  path: Assets/BigFurniturePack/Prefabs/Vases/vase_4.prefab
  artifactKey: Guid(1535cfd3cbc7f7c48b4304ca1e26d850) Importer(815301076,1909f56bfc062723c751e8b465ee728b)
Start importing Assets/BigFurniturePack/Prefabs/Vases/vase_4.prefab using Guid(1535cfd3cbc7f7c48b4304ca1e26d850) Importer(815301076,1909f56bfc062723c751e8b465ee728b)  -> (artifact id: '9131f2fff97514414fbdf5c787e7957b') in 0.016766 seconds
Number of updated asset objects reloaded before import = 0
Number of asset objects unloaded after import = 8
========================================================================
Received Import Request.
  Time since last request: 104.228783 seconds.
  path: Assets/PBR Electronics Pack
  artifactKey: Guid(d1ff75bf35a1fbb4cb134de510e8e237) Importer(815301076,1909f56bfc062723c751e8b465ee728b)
Start importing Assets/PBR Electronics Pack using Guid(d1ff75bf35a1fbb4cb134de510e8e237) Importer(815301076,1909f56bfc062723c751e8b465ee728b)  -> (artifact id: 'd070798cab32abdd81a61006cec01c60') in 0.000499 seconds
Number of updated asset objects reloaded before import = 0
Number of asset objects unloaded after import = 0
========================================================================
Received Import Request.
  Time since last request: 1.022083 seconds.
  path: Assets/PBR Electronics Pack/Prefabs
  artifactKey: Guid(d2ba5c36cd75deb45a87860b8e758842) Importer(815301076,1909f56bfc062723c751e8b465ee728b)
Start importing Assets/PBR Electronics Pack/Prefabs using Guid(d2ba5c36cd75deb45a87860b8e758842) Importer(815301076,1909f56bfc062723c751e8b465ee728b)  -> (artifact id: 'b76bbb3a9cf10b18eacd5db89aba0f1d') in 0.000347 seconds
Number of updated asset objects reloaded before import = 0
Number of asset objects unloaded after import = 0
========================================================================
Received Import Request.
  Time since last request: 0.050897 seconds.
  path: Assets/PBR Electronics Pack/Prefabs/Electric_kettle.prefab
  artifactKey: Guid(4da062ffe11fac6459c3f888f60d086b) Importer(815301076,1909f56bfc062723c751e8b465ee728b)
Start importing Assets/PBR Electronics Pack/Prefabs/Electric_kettle.prefab using Guid(4da062ffe11fac6459c3f888f60d086b) Importer(815301076,1909f56bfc062723c751e8b465ee728b)  -> (artifact id: 'af3368ef58bc3cb2544dba76767e925d') in 0.238876 seconds
Number of updated asset objects reloaded before import = 0
Number of asset objects unloaded after import = 12
========================================================================
Received Import Request.
  Time since last request: 0.000014 seconds.
  path: Assets/PBR Electronics Pack/Prefabs/Remote.prefab
  artifactKey: Guid(032ae8c7c588c1649870cd4e79c65d68) Importer(815301076,1909f56bfc062723c751e8b465ee728b)
Start importing Assets/PBR Electronics Pack/Prefabs/Remote.prefab using Guid(032ae8c7c588c1649870cd4e79c65d68) Importer(815301076,1909f56bfc062723c751e8b465ee728b)  -> (artifact id: 'bc8302b670cfcb575b55117b17085d5a') in 0.072746 seconds
Number of updated asset objects reloaded before import = 0
Number of asset objects unloaded after import = 12
========================================================================
Received Import Request.
  Time since last request: 0.000033 seconds.
  path: Assets/PBR Electronics Pack/Prefabs/Videoplayer.prefab
  artifactKey: Guid(69c5806deb007aa43a843410f28ce187) Importer(815301076,1909f56bfc062723c751e8b465ee728b)
Start importing Assets/PBR Electronics Pack/Prefabs/Videoplayer.prefab using Guid(69c5806deb007aa43a843410f28ce187) Importer(815301076,1909f56bfc062723c751e8b465ee728b)  -> (artifact id: '79f7823b1d73bb6befbc80835fd23c42') in 0.020784 seconds
Number of updated asset objects reloaded before import = 0
Number of asset objects unloaded after import = 12
========================================================================
Received Import Request.
  Time since last request: 0.000016 seconds.
  path: Assets/PBR Electronics Pack/Prefabs/Telephone.prefab
  artifactKey: Guid(d0e229a7ebd926146a169855acc38afc) Importer(815301076,1909f56bfc062723c751e8b465ee728b)
Start importing Assets/PBR Electronics Pack/Prefabs/Telephone.prefab using Guid(d0e229a7ebd926146a169855acc38afc) Importer(815301076,1909f56bfc062723c751e8b465ee728b)  -> (artifact id: '6ef74e18310f4bf41855041dc29d7566') in 0.030157 seconds
Number of updated asset objects reloaded before import = 0
Number of asset objects unloaded after import = 20
========================================================================
Received Import Request.
  Time since last request: 0.000021 seconds.
  path: Assets/PBR Electronics Pack/Prefabs/TV.prefab
  artifactKey: Guid(e1a25a0854d10a347b40db1ed68d6a2d) Importer(815301076,1909f56bfc062723c751e8b465ee728b)
Start importing Assets/PBR Electronics Pack/Prefabs/TV.prefab using Guid(e1a25a0854d10a347b40db1ed68d6a2d) Importer(815301076,1909f56bfc062723c751e8b465ee728b)  -> (artifact id: '4668ac438b8774e77d2e7b1a7e578fc5') in 0.016754 seconds
Number of updated asset objects reloaded before import = 0
Number of asset objects unloaded after import = 12
========================================================================
Received Import Request.
  Time since last request: 0.000016 seconds.
  path: Assets/PBR Electronics Pack/Prefabs/Refrigerator.prefab
  artifactKey: Guid(393ec14ef265a844aa6bcc385e733c3a) Importer(815301076,1909f56bfc062723c751e8b465ee728b)
Start importing Assets/PBR Electronics Pack/Prefabs/Refrigerator.prefab using Guid(393ec14ef265a844aa6bcc385e733c3a) Importer(815301076,1909f56bfc062723c751e8b465ee728b)  -> (artifact id: '70be4cb90ffb2cf82e4a04b16722dee7') in 0.085975 seconds
Number of updated asset objects reloaded before import = 0
Number of asset objects unloaded after import = 12
========================================================================
Received Import Request.
  Time since last request: 53.964802 seconds.
  path: Assets/BigFurniturePack/Prefabs/Sofas&Chairs
  artifactKey: Guid(2544591c357014b4986d8bab85b1ec6c) Importer(815301076,1909f56bfc062723c751e8b465ee728b)
Start importing Assets/BigFurniturePack/Prefabs/Sofas&Chairs using Guid(2544591c357014b4986d8bab85b1ec6c) Importer(815301076,1909f56bfc062723c751e8b465ee728b)  -> (artifact id: '1ad9ea43759ed02a80b2abc43360d51d') in 0.000428 seconds
Number of updated asset objects reloaded before import = 0
Number of asset objects unloaded after import = 0
========================================================================
Received Import Request.
  Time since last request: 0.579184 seconds.
  path: Assets/BigFurniturePack/Prefabs/Sofas&Chairs/chair_1.prefab
  artifactKey: Guid(d2a377b97363a554a96a26b876de1213) Importer(815301076,1909f56bfc062723c751e8b465ee728b)
Start importing Assets/BigFurniturePack/Prefabs/Sofas&Chairs/chair_1.prefab using Guid(d2a377b97363a554a96a26b876de1213) Importer(815301076,1909f56bfc062723c751e8b465ee728b)  -> (artifact id: '0d25bf17b94da0fbfc83b916fc506bef') in 0.029885 seconds
Number of updated asset objects reloaded before import = 0
Number of asset objects unloaded after import = 20
========================================================================
Received Import Request.
  Time since last request: 0.000020 seconds.
  path: Assets/BigFurniturePack/Prefabs/Sofas&Chairs/kitchen_chair_1.prefab
  artifactKey: Guid(01dfb375646cba84e9b92e2cedf7d149) Importer(815301076,1909f56bfc062723c751e8b465ee728b)
Start importing Assets/BigFurniturePack/Prefabs/Sofas&Chairs/kitchen_chair_1.prefab using Guid(01dfb375646cba84e9b92e2cedf7d149) Importer(815301076,1909f56bfc062723c751e8b465ee728b)  -> (artifact id: '85f03819616fac5ffa626422dfda6509') in 0.013074 seconds
Number of updated asset objects reloaded before import = 0
Number of asset objects unloaded after import = 15
========================================================================
Received Import Request.
  Time since last request: 0.000012 seconds.
  path: Assets/BigFurniturePack/Prefabs/Sofas&Chairs/sofa_2.prefab
  artifactKey: Guid(76f69c2044293fc40a066ff85ecb70df) Importer(815301076,1909f56bfc062723c751e8b465ee728b)
Start importing Assets/BigFurniturePack/Prefabs/Sofas&Chairs/sofa_2.prefab using Guid(76f69c2044293fc40a066ff85ecb70df) Importer(815301076,1909f56bfc062723c751e8b465ee728b)  -> (artifact id: '42c34e4dfcfeddd7dc71dbf6921a1e4f') in 0.022625 seconds
Number of updated asset objects reloaded before import = 0
Number of asset objects unloaded after import = 45
========================================================================
Received Import Request.
  Time since last request: 0.000015 seconds.
  path: Assets/BigFurniturePack/Prefabs/Sofas&Chairs/pouf.prefab
  artifactKey: Guid(75c3709e2bf1e9843b30f0c81dbe6b11) Importer(815301076,1909f56bfc062723c751e8b465ee728b)
Start importing Assets/BigFurniturePack/Prefabs/Sofas&Chairs/pouf.prefab using Guid(75c3709e2bf1e9843b30f0c81dbe6b11) Importer(815301076,1909f56bfc062723c751e8b465ee728b)  -> (artifact id: '4822187adc7981a4f4b688bf9e4b8f25') in 0.011473 seconds
Number of updated asset objects reloaded before import = 0
Number of asset objects unloaded after import = 15
========================================================================
Received Import Request.
  Time since last request: 0.000022 seconds.
  path: Assets/BigFurniturePack/Prefabs/Sofas&Chairs/sofa_4.prefab
  artifactKey: Guid(8cef4c90a64b6564ca61184c68b8d442) Importer(815301076,1909f56bfc062723c751e8b465ee728b)
Start importing Assets/BigFurniturePack/Prefabs/Sofas&Chairs/sofa_4.prefab using Guid(8cef4c90a64b6564ca61184c68b8d442) Importer(815301076,1909f56bfc062723c751e8b465ee728b)  -> (artifact id: 'c9ddcd203d889279b55a6b559d61e2ba') in 0.013882 seconds
Number of updated asset objects reloaded before import = 0
Number of asset objects unloaded after import = 55
========================================================================
Received Import Request.
  Time since last request: 0.000014 seconds.
  path: Assets/BigFurniturePack/Prefabs/Sofas&Chairs/sofa_1.prefab
  artifactKey: Guid(b75a9f5bde480c848a601653b942291a) Importer(815301076,1909f56bfc062723c751e8b465ee728b)
Start importing Assets/BigFurniturePack/Prefabs/Sofas&Chairs/sofa_1.prefab using Guid(b75a9f5bde480c848a601653b942291a) Importer(815301076,1909f56bfc062723c751e8b465ee728b)  -> (artifact id: '5bcbd4a32cbf8fa3ca71bf8783acea07') in 0.010789 seconds
Number of updated asset objects reloaded before import = 0
Number of asset objects unloaded after import = 35
========================================================================
Received Import Request.
  Time since last request: 159.855859 seconds.
  path: Assets/BigFurniturePack/Textures
  artifactKey: Guid(728412b74b8245e469ac2e1d105c1f8a) Importer(815301076,1909f56bfc062723c751e8b465ee728b)
Start importing Assets/BigFurniturePack/Textures using Guid(728412b74b8245e469ac2e1d105c1f8a) Importer(815301076,1909f56bfc062723c751e8b465ee728b)  -> (artifact id: '6dab36a258c32c97f55ba145db1e57c1') in 0.000594 seconds
Number of updated asset objects reloaded before import = 0
Number of asset objects unloaded after import = 0
========================================================================
Received Import Request.
  Time since last request: 0.051448 seconds.
  path: Assets/BigFurniturePack/Textures/cloth_1.jpg
  artifactKey: Guid(db4265b11df6af1438db306cd16c60ee) Importer(815301076,1909f56bfc062723c751e8b465ee728b)
Start importing Assets/BigFurniturePack/Textures/cloth_1.jpg using Guid(db4265b11df6af1438db306cd16c60ee) Importer(815301076,1909f56bfc062723c751e8b465ee728b)  -> (artifact id: '816ba531002b5cb74fdaf6d99ffc09c5') in 0.042965 seconds
Number of updated asset objects reloaded before import = 0
Number of asset objects unloaded after import = 2
========================================================================
Received Import Request.
  Time since last request: 0.000016 seconds.
  path: Assets/BigFurniturePack/Textures/cloth_5.jpg
  artifactKey: Guid(b8daff8b7c3733a4c89e2dc3cbd49222) Importer(815301076,1909f56bfc062723c751e8b465ee728b)
Start importing Assets/BigFurniturePack/Textures/cloth_5.jpg using Guid(b8daff8b7c3733a4c89e2dc3cbd49222) Importer(815301076,1909f56bfc062723c751e8b465ee728b)  -> (artifact id: '4a9931ceaa7a0da9668a8d7e5e04ec46') in 0.016906 seconds
Number of updated asset objects reloaded before import = 0
Number of asset objects unloaded after import = 2
========================================================================
Received Import Request.
  Time since last request: 0.000018 seconds.
  path: Assets/BigFurniturePack/Textures/wood_2.jpg
  artifactKey: Guid(2d3f16073f817e74ca26282b96b3593b) Importer(815301076,1909f56bfc062723c751e8b465ee728b)
Start importing Assets/BigFurniturePack/Textures/wood_2.jpg using Guid(2d3f16073f817e74ca26282b96b3593b) Importer(815301076,1909f56bfc062723c751e8b465ee728b)  -> (artifact id: 'd95e9011d787e8bfb635284443ec93e4') in 0.021174 seconds
Number of updated asset objects reloaded before import = 0
Number of asset objects unloaded after import = 2
========================================================================
Received Import Request.
  Time since last request: 0.000019 seconds.
  path: Assets/BigFurniturePack/Textures/cloth_3.jpg
  artifactKey: Guid(4acc9fdd66048cb4e96d08ca021d5f41) Importer(815301076,1909f56bfc062723c751e8b465ee728b)
Start importing Assets/BigFurniturePack/Textures/cloth_3.jpg using Guid(4acc9fdd66048cb4e96d08ca021d5f41) Importer(815301076,1909f56bfc062723c751e8b465ee728b)  -> (artifact id: '21f14251994f281f6745cdd5fef18fac') in 0.015604 seconds
Number of updated asset objects reloaded before import = 0
Number of asset objects unloaded after import = 2
========================================================================
Received Import Request.
  Time since last request: 0.000014 seconds.
  path: Assets/BigFurniturePack/Textures/cloth_4.jpg
  artifactKey: Guid(8742cf5389ec13846ae404783db50532) Importer(815301076,1909f56bfc062723c751e8b465ee728b)
Start importing Assets/BigFurniturePack/Textures/cloth_4.jpg using Guid(8742cf5389ec13846ae404783db50532) Importer(815301076,1909f56bfc062723c751e8b465ee728b)  -> (artifact id: '369829cac30a678ebae868decf1e2529') in 0.015230 seconds
Number of updated asset objects reloaded before import = 0
Number of asset objects unloaded after import = 2
========================================================================
Received Import Request.
  Time since last request: 9.005645 seconds.
  path: Assets/BigFurniturePack/Models/Materials/base_material 2.mat
  artifactKey: Guid(e2ff4118305d11c41bb216685380c6ab) Importer(815301076,1909f56bfc062723c751e8b465ee728b)
Start importing Assets/BigFurniturePack/Models/Materials/base_material 2.mat using Guid(e2ff4118305d11c41bb216685380c6ab) Importer(815301076,1909f56bfc062723c751e8b465ee728b)  -> (artifact id: 'a15886c38dfda91d39b5a2e9e956bae9') in 0.038276 seconds
Number of updated asset objects reloaded before import = 0
Number of asset objects unloaded after import = 1
========================================================================
Received Import Request.
  Time since last request: 0.000014 seconds.
  path: Assets/BigFurniturePack/Models/Materials/cloth_4.mat
  artifactKey: Guid(b5ded758bc8effe4a8fca6adf3012a5a) Importer(815301076,1909f56bfc062723c751e8b465ee728b)
Start importing Assets/BigFurniturePack/Models/Materials/cloth_4.mat using Guid(b5ded758bc8effe4a8fca6adf3012a5a) Importer(815301076,1909f56bfc062723c751e8b465ee728b)  -> (artifact id: '9d1dabad8c4e6568b1d048ef54bfcdbd') in 0.010932 seconds
Number of updated asset objects reloaded before import = 0
Number of asset objects unloaded after import = 2
========================================================================
Received Import Request.
  Time since last request: 0.000013 seconds.
  path: Assets/BigFurniturePack/Models/Materials/wood_1.mat
  artifactKey: Guid(888daeabd7af8694783c9a32a9ca19d2) Importer(815301076,1909f56bfc062723c751e8b465ee728b)
Start importing Assets/BigFurniturePack/Models/Materials/wood_1.mat using Guid(888daeabd7af8694783c9a32a9ca19d2) Importer(815301076,1909f56bfc062723c751e8b465ee728b)  -> (artifact id: 'f56d4ed285dfb7b682c8b43354f01d68') in 0.021859 seconds
Number of updated asset objects reloaded before import = 0
Number of asset objects unloaded after import = 2
========================================================================
Received Import Request.
  Time since last request: 0.000014 seconds.
  path: Assets/BigFurniturePack/Models/Materials/cloth_2.mat
  artifactKey: Guid(175c48b70a024c3478904cbd8e8be5f1) Importer(815301076,1909f56bfc062723c751e8b465ee728b)
Start importing Assets/BigFurniturePack/Models/Materials/cloth_2.mat using Guid(175c48b70a024c3478904cbd8e8be5f1) Importer(815301076,1909f56bfc062723c751e8b465ee728b)  -> (artifact id: '9b9d2c52fa76d6c9016a6cc1189cbf81') in 0.012166 seconds
Number of updated asset objects reloaded before import = 0
Number of asset objects unloaded after import = 2
========================================================================
Received Import Request.
  Time since last request: 0.000015 seconds.
  path: Assets/BigFurniturePack/Models/Materials/wood_4.mat
  artifactKey: Guid(6a76e7af6b1ec1147a48ad88ee029051) Importer(815301076,1909f56bfc062723c751e8b465ee728b)
Start importing Assets/BigFurniturePack/Models/Materials/wood_4.mat using Guid(6a76e7af6b1ec1147a48ad88ee029051) Importer(815301076,1909f56bfc062723c751e8b465ee728b)  -> (artifact id: '688ee6bc746c9eb128839bab868d5007') in 0.011388 seconds
Number of updated asset objects reloaded before import = 0
Number of asset objects unloaded after import = 2
========================================================================
Received Import Request.
  Time since last request: 2.907380 seconds.
  path: Assets/BigFurniturePack/Models/vase_4.FBX
  artifactKey: Guid(e5b84b736b834804dbc2ba73a5a59876) Importer(815301076,1909f56bfc062723c751e8b465ee728b)
Start importing Assets/BigFurniturePack/Models/vase_4.FBX using Guid(e5b84b736b834804dbc2ba73a5a59876) Importer(815301076,1909f56bfc062723c751e8b465ee728b)  -> (artifact id: '5efa77b5544d0c49f8ee80eb5ab53073') in 0.044902 seconds
Number of updated asset objects reloaded before import = 0
Number of asset objects unloaded after import = 7
========================================================================
Received Import Request.
  Time since last request: 0.000015 seconds.
  path: Assets/BigFurniturePack/Models/washbasin.FBX
  artifactKey: Guid(2a7850605a17f504bbfdfaa591d5b419) Importer(815301076,1909f56bfc062723c751e8b465ee728b)
Start importing Assets/BigFurniturePack/Models/washbasin.FBX using Guid(2a7850605a17f504bbfdfaa591d5b419) Importer(815301076,1909f56bfc062723c751e8b465ee728b)  -> (artifact id: '26a502cb84ee4392ca2cd63a398d970a') in 0.102935 seconds
Number of updated asset objects reloaded before import = 0
Number of asset objects unloaded after import = 69
========================================================================
Received Import Request.
  Time since last request: 545.248482 seconds.
  path: Assets/BigFurniturePack/Prefabs/Tables/coffee_table_1.prefab
  artifactKey: Guid(6aefd9b8d8cb28f4f87b54d78bf0fca3) Importer(815301076,1909f56bfc062723c751e8b465ee728b)
Start importing Assets/BigFurniturePack/Prefabs/Tables/coffee_table_1.prefab using Guid(6aefd9b8d8cb28f4f87b54d78bf0fca3) Importer(815301076,1909f56bfc062723c751e8b465ee728b)  -> (artifact id: '9c6fedb7a19291bdce6b5ba8c219821e') in 0.040504 seconds
Number of updated asset objects reloaded before import = 0
Number of asset objects unloaded after import = 15
========================================================================
Received Import Request.
  Time since last request: 0.000019 seconds.
  path: Assets/BigFurniturePack/Prefabs/Tables/table_1.prefab
  artifactKey: Guid(da90dd5c59fc7b74797111fdae04254f) Importer(815301076,1909f56bfc062723c751e8b465ee728b)
Start importing Assets/BigFurniturePack/Prefabs/Tables/table_1.prefab using Guid(da90dd5c59fc7b74797111fdae04254f) Importer(815301076,1909f56bfc062723c751e8b465ee728b)  -> (artifact id: '44a491b2f8841a7abe35df578fec1a01') in 0.013182 seconds
Number of updated asset objects reloaded before import = 0
Number of asset objects unloaded after import = 15
========================================================================
Received Import Request.
  Time since last request: 0.000013 seconds.
  path: Assets/BigFurniturePack/Prefabs/Tables/tv_table_1.prefab
  artifactKey: Guid(dce57d1e50d1fef489ee2d0fe5716701) Importer(815301076,1909f56bfc062723c751e8b465ee728b)
Start importing Assets/BigFurniturePack/Prefabs/Tables/tv_table_1.prefab using Guid(dce57d1e50d1fef489ee2d0fe5716701) Importer(815301076,1909f56bfc062723c751e8b465ee728b)  -> (artifact id: 'b82aa83d2e1823596f9c63ee4945d4a6') in 0.019738 seconds
Number of updated asset objects reloaded before import = 0
Number of asset objects unloaded after import = 40
========================================================================
Received Import Request.
  Time since last request: 0.000013 seconds.
  path: Assets/BigFurniturePack/Prefabs/Tables/table_2.prefab
  artifactKey: Guid(89131f46d6bfc864699138153a2cc996) Importer(815301076,1909f56bfc062723c751e8b465ee728b)
Start importing Assets/BigFurniturePack/Prefabs/Tables/table_2.prefab using Guid(89131f46d6bfc864699138153a2cc996) Importer(815301076,1909f56bfc062723c751e8b465ee728b)  -> (artifact id: '1772641493e3554f1aa0623d6e3f921b') in 0.011042 seconds
Number of updated asset objects reloaded before import = 0
Number of asset objects unloaded after import = 15
========================================================================
Received Import Request.
  Time since last request: 0.000016 seconds.
  path: Assets/BigFurniturePack/Prefabs/Tables/coffee_table_3.prefab
  artifactKey: Guid(b4be6cb63b98d134bacd367e6b052bb2) Importer(815301076,1909f56bfc062723c751e8b465ee728b)
Start importing Assets/BigFurniturePack/Prefabs/Tables/coffee_table_3.prefab using Guid(b4be6cb63b98d134bacd367e6b052bb2) Importer(815301076,1909f56bfc062723c751e8b465ee728b)  -> (artifact id: 'fb57d0aa48742a5c0cbf25388118e3df') in 0.011053 seconds
Number of updated asset objects reloaded before import = 0
Number of asset objects unloaded after import = 25
========================================================================
Received Import Request.
  Time since last request: 0.000014 seconds.
  path: Assets/BigFurniturePack/Prefabs/Tables/coffee_table_4.prefab
  artifactKey: Guid(395f9d952fa0b6c489ca4a50a9f95953) Importer(815301076,1909f56bfc062723c751e8b465ee728b)
Start importing Assets/BigFurniturePack/Prefabs/Tables/coffee_table_4.prefab using Guid(395f9d952fa0b6c489ca4a50a9f95953) Importer(815301076,1909f56bfc062723c751e8b465ee728b)  -> (artifact id: '6157207b894cb510834935cd81f6a5a4') in 0.011740 seconds
Number of updated asset objects reloaded before import = 0
Number of asset objects unloaded after import = 8
========================================================================
Received Import Request.
  Time since last request: 312.141532 seconds.
  path: Assets/Toon Furniture/Textures/Coffe_Table_1.png
  artifactKey: Guid(cc107b754a8342c4c91454296d4ae4fa) Importer(815301076,1909f56bfc062723c751e8b465ee728b)
Start importing Assets/Toon Furniture/Textures/Coffe_Table_1.png using Guid(cc107b754a8342c4c91454296d4ae4fa) Importer(815301076,1909f56bfc062723c751e8b465ee728b)  -> (artifact id: 'e5b897bc7c214a93bc20a73efc495ab7') in 0.026332 seconds
Number of updated asset objects reloaded before import = 0
Number of asset objects unloaded after import = 2
========================================================================
Received Import Request.
  Time since last request: 0.000029 seconds.
  path: Assets/Toon Furniture/Textures/Coffe_Table_4_Normal.png
  artifactKey: Guid(44db01ebfaa8e0447acd740b664d40bb) Importer(815301076,1909f56bfc062723c751e8b465ee728b)
Start importing Assets/Toon Furniture/Textures/Coffe_Table_4_Normal.png using Guid(44db01ebfaa8e0447acd740b664d40bb) Importer(815301076,1909f56bfc062723c751e8b465ee728b)  -> (artifact id: 'b4bfda5794a169a91d9aa46395ee547c') in 0.019191 seconds
Number of updated asset objects reloaded before import = 0
Number of asset objects unloaded after import = 2
========================================================================
Received Import Request.
  Time since last request: 0.000019 seconds.
  path: Assets/Toon Furniture/Materials/CoffeTable_4.mat
  artifactKey: Guid(3ddc923c1a3527c4f84a7050af679b73) Importer(815301076,1909f56bfc062723c751e8b465ee728b)
Start importing Assets/Toon Furniture/Materials/CoffeTable_4.mat using Guid(3ddc923c1a3527c4f84a7050af679b73) Importer(815301076,1909f56bfc062723c751e8b465ee728b)  -> (artifact id: '4a4d60b62e1fef5dcca08ccf8b47608d') in 0.026742 seconds
Number of updated asset objects reloaded before import = 0
Number of asset objects unloaded after import = 3
========================================================================
Received Import Request.
  Time since last request: 0.000017 seconds.
  path: Assets/Toon Furniture/Models/Coffee_Table_1.fbx
  artifactKey: Guid(844fae422a50aab4f9e8d285bad1c241) Importer(815301076,1909f56bfc062723c751e8b465ee728b)
Start importing Assets/Toon Furniture/Models/Coffee_Table_1.fbx using Guid(844fae422a50aab4f9e8d285bad1c241) Importer(815301076,1909f56bfc062723c751e8b465ee728b)  -> (artifact id: '364a6993b401891583447bfb71b314b3') in 0.027314 seconds
Number of updated asset objects reloaded before import = 0
Number of asset objects unloaded after import = 19
========================================================================
Received Import Request.
  Time since last request: 0.000015 seconds.
  path: Assets/Toon Furniture/Textures/Coffe_Table_2.png
  artifactKey: Guid(03c895352c9eac94494bdd2067ec77d6) Importer(815301076,1909f56bfc062723c751e8b465ee728b)
Start importing Assets/Toon Furniture/Textures/Coffe_Table_2.png using Guid(03c895352c9eac94494bdd2067ec77d6) Importer(815301076,1909f56bfc062723c751e8b465ee728b)  -> (artifact id: '3093a95939e0889899d5daa76881c045') in 0.015985 seconds
Number of updated asset objects reloaded before import = 0
Number of asset objects unloaded after import = 2
========================================================================
Received Import Request.
  Time since last request: 0.000019 seconds.
  path: Assets/TextMesh Pro/Examples & Extras/Textures/Gradient Horizontal (Color).jpg
  artifactKey: Guid(6eb184de103d4b3f812b38561065192f) Importer(815301076,1909f56bfc062723c751e8b465ee728b)
Start importing Assets/TextMesh Pro/Examples & Extras/Textures/Gradient Horizontal (Color).jpg using Guid(6eb184de103d4b3f812b38561065192f) Importer(815301076,1909f56bfc062723c751e8b465ee728b)  -> (artifact id: '93e65ba3d79925f950e8f07fd052d30f') in 0.012993 seconds
Number of updated asset objects reloaded before import = 0
Number of asset objects unloaded after import = 2
========================================================================
Received Import Request.
  Time since last request: 0.000013 seconds.
  path: Assets/Toon Furniture/Models/Coffee_Table_2.fbx
  artifactKey: Guid(5482ee8af0d724341b96cd2c062f6baf) Importer(815301076,1909f56bfc062723c751e8b465ee728b)
Start importing Assets/Toon Furniture/Models/Coffee_Table_2.fbx using Guid(5482ee8af0d724341b96cd2c062f6baf) Importer(815301076,1909f56bfc062723c751e8b465ee728b)  -> (artifact id: 'd009e60db1c9638a28786df49d52607d') in 0.020590 seconds
Number of updated asset objects reloaded before import = 0
Number of asset objects unloaded after import = 14
========================================================================
Received Import Request.
  Time since last request: 0.000012 seconds.
  path: Assets/Toon Furniture/Textures/Coffe_Table_3.png
  artifactKey: Guid(c4cd6bcfb9176c94686fa91098f2b1e4) Importer(815301076,1909f56bfc062723c751e8b465ee728b)
Start importing Assets/Toon Furniture/Textures/Coffe_Table_3.png using Guid(c4cd6bcfb9176c94686fa91098f2b1e4) Importer(815301076,1909f56bfc062723c751e8b465ee728b)  -> (artifact id: '8947e5ad7ecd3bb4f4733e382f3d1f5f') in 0.012880 seconds
Number of updated asset objects reloaded before import = 0
Number of asset objects unloaded after import = 2
========================================================================
Received Import Request.
  Time since last request: 0.000012 seconds.
  path: Assets/Toon Furniture/Textures/Coffe_Table_4_1.png
  artifactKey: Guid(07d468cc99944bc46a98188dfd67d2bd) Importer(815301076,1909f56bfc062723c751e8b465ee728b)
Start importing Assets/Toon Furniture/Textures/Coffe_Table_4_1.png using Guid(07d468cc99944bc46a98188dfd67d2bd) Importer(815301076,1909f56bfc062723c751e8b465ee728b)  -> (artifact id: '3f71cde575fe9d4efcc524b250b51e75') in 0.012856 seconds
Number of updated asset objects reloaded before import = 0
Number of asset objects unloaded after import = 2
========================================================================
Received Import Request.
  Time since last request: 0.000016 seconds.
  path: Assets/Toon Furniture/Textures/Coffe_Table_3_Normal.png
  artifactKey: Guid(f2b83dafc6c0603438f2c3f5d3faf74c) Importer(815301076,1909f56bfc062723c751e8b465ee728b)
Start importing Assets/Toon Furniture/Textures/Coffe_Table_3_Normal.png using Guid(f2b83dafc6c0603438f2c3f5d3faf74c) Importer(815301076,1909f56bfc062723c751e8b465ee728b)  -> (artifact id: '652eac35e1a242ed4891e34ccd71e46e') in 0.015880 seconds
Number of updated asset objects reloaded before import = 0
Number of asset objects unloaded after import = 2
========================================================================
Received Import Request.
  Time since last request: 0.000013 seconds.
  path: Assets/Toon Furniture/Materials/CoffeTable_1.mat
  artifactKey: Guid(8137a4b9e7fd60340a30656d9c24feb7) Importer(815301076,1909f56bfc062723c751e8b465ee728b)
Start importing Assets/Toon Furniture/Materials/CoffeTable_1.mat using Guid(8137a4b9e7fd60340a30656d9c24feb7) Importer(815301076,1909f56bfc062723c751e8b465ee728b)  -> (artifact id: '8caad7ff81bccbbd84b0e7049af49f12') in 0.012149 seconds
Number of updated asset objects reloaded before import = 0
Number of asset objects unloaded after import = 3
========================================================================
Received Import Request.
  Time since last request: 0.000013 seconds.
  path: Assets/Toon Furniture/Textures/Coffe_Table_1_Normal.png
  artifactKey: Guid(728d9bba2d01e6542b9c840cc189c017) Importer(815301076,1909f56bfc062723c751e8b465ee728b)
Start importing Assets/Toon Furniture/Textures/Coffe_Table_1_Normal.png using Guid(728d9bba2d01e6542b9c840cc189c017) Importer(815301076,1909f56bfc062723c751e8b465ee728b)  -> (artifact id: 'e17c3331febd22c1c58d5d510073d6e4') in 0.014652 seconds
Number of updated asset objects reloaded before import = 0
Number of asset objects unloaded after import = 2
========================================================================
Received Import Request.
  Time since last request: 0.000012 seconds.
  path: Assets/Toon Furniture/Textures/Coffe_Table_2_Normal.png
  artifactKey: Guid(008c7e13e6e19c048a0046c441f9b4c6) Importer(815301076,1909f56bfc062723c751e8b465ee728b)
Start importing Assets/Toon Furniture/Textures/Coffe_Table_2_Normal.png using Guid(008c7e13e6e19c048a0046c441f9b4c6) Importer(815301076,1909f56bfc062723c751e8b465ee728b)  -> (artifact id: '9ebf4848b31ddd88ec4cbb84c4d4bed4') in 0.014514 seconds
Number of updated asset objects reloaded before import = 0
Number of asset objects unloaded after import = 2
========================================================================
Received Import Request.
  Time since last request: 0.000012 seconds.
  path: Assets/TextMesh Pro/Examples & Extras/Resources/Fonts & Materials/LiberationSans SDF - Metalic Green.mat
  artifactKey: Guid(8b29aaa3eec7468097ff07adfcf29ac9) Importer(815301076,1909f56bfc062723c751e8b465ee728b)
Start importing Assets/TextMesh Pro/Examples & Extras/Resources/Fonts & Materials/LiberationSans SDF - Metalic Green.mat using Guid(8b29aaa3eec7468097ff07adfcf29ac9) Importer(815301076,1909f56bfc062723c751e8b465ee728b)  -> (artifact id: '85e15b08f5deb2d7808254bb99e3f5f0') in 0.135041 seconds
Number of updated asset objects reloaded before import = 0
Number of asset objects unloaded after import = 4
========================================================================
Received Import Request.
  Time since last request: 0.671551 seconds.
  path: Assets/BigFurniturePack/Prefabs/Modular kitchen/modular_kitchen_table_4.prefab
  artifactKey: Guid(69876b662dbfff945b3239cdac3b1811) Importer(815301076,1909f56bfc062723c751e8b465ee728b)
Start importing Assets/BigFurniturePack/Prefabs/Modular kitchen/modular_kitchen_table_4.prefab using Guid(69876b662dbfff945b3239cdac3b1811) Importer(815301076,1909f56bfc062723c751e8b465ee728b)  -> (artifact id: 'c5a22bdf2860dad7da57367a6034e79a') in 0.015784 seconds
Number of updated asset objects reloaded before import = 0
Number of asset objects unloaded after import = 55
========================================================================
Received Import Request.
  Time since last request: 0.000012 seconds.
  path: Assets/Toon Furniture/Textures/Table_1_Normal.png
  artifactKey: Guid(28fd2a65d4785d34f95a69ed271fd428) Importer(815301076,1909f56bfc062723c751e8b465ee728b)
Start importing Assets/Toon Furniture/Textures/Table_1_Normal.png using Guid(28fd2a65d4785d34f95a69ed271fd428) Importer(815301076,1909f56bfc062723c751e8b465ee728b)  -> (artifact id: 'd91d006443a1163b08f040ae501c79e7') in 0.014110 seconds
Number of updated asset objects reloaded before import = 0
Number of asset objects unloaded after import = 2
========================================================================
Received Import Request.
  Time since last request: 0.000016 seconds.
  path: Assets/Toon Furniture/Materials/Table_1.mat
  artifactKey: Guid(50ced3092a2c6d5418dbb2df80c370a8) Importer(815301076,1909f56bfc062723c751e8b465ee728b)
Start importing Assets/Toon Furniture/Materials/Table_1.mat using Guid(50ced3092a2c6d5418dbb2df80c370a8) Importer(815301076,1909f56bfc062723c751e8b465ee728b)  -> (artifact id: '8a72fc563b2d82414d6398a9ae9852b7') in 0.017616 seconds
Number of updated asset objects reloaded before import = 0
Number of asset objects unloaded after import = 3
========================================================================
Received Import Request.
  Time since last request: 0.000013 seconds.
  path: Assets/Toon Furniture/Textures/Table_1.png
  artifactKey: Guid(6c34d5542724ba1468e17e1c10bbca87) Importer(815301076,1909f56bfc062723c751e8b465ee728b)
Start importing Assets/Toon Furniture/Textures/Table_1.png using Guid(6c34d5542724ba1468e17e1c10bbca87) Importer(815301076,1909f56bfc062723c751e8b465ee728b)  -> (artifact id: '495fab4510351dcd31a68677ec6409c4') in 0.014443 seconds
Number of updated asset objects reloaded before import = 0
Number of asset objects unloaded after import = 2
========================================================================
Received Import Request.
  Time since last request: 472.451098 seconds.
  path: Assets/Textures/Wall/Wall.mat
  artifactKey: Guid(c622f548e64834447a7030ab7cdcf823) Importer(815301076,1909f56bfc062723c751e8b465ee728b)
Start importing Assets/Textures/Wall/Wall.mat using Guid(c622f548e64834447a7030ab7cdcf823) Importer(815301076,1909f56bfc062723c751e8b465ee728b)  -> (artifact id: 'fbffa020e21bae9127f140396a18e3fc') in 0.022511 seconds
Number of updated asset objects reloaded before import = 0
Number of asset objects unloaded after import = 5
========================================================================
Received Import Request.
  Time since last request: 16.038541 seconds.
  path: Assets/Textures/carpet/Carpet.mat
  artifactKey: Guid(72cc1ace0337ea04eae2cf1b5fd26d1a) Importer(815301076,1909f56bfc062723c751e8b465ee728b)
Start importing Assets/Textures/carpet/Carpet.mat using Guid(72cc1ace0337ea04eae2cf1b5fd26d1a) Importer(815301076,1909f56bfc062723c751e8b465ee728b)  -> (artifact id: '43de26fac3a5bb3abe1558373dcea566') in 0.037259 seconds
Number of updated asset objects reloaded before import = 0
Number of asset objects unloaded after import = 5
========================================================================
Received Import Request.
  Time since last request: 1.606438 seconds.
  path: Assets/Textures/Brick/BrickOutside.mat
  artifactKey: Guid(b2e7ce78844b33140b5fda2fd79cee95) Importer(815301076,1909f56bfc062723c751e8b465ee728b)
Start importing Assets/Textures/Brick/BrickOutside.mat using Guid(b2e7ce78844b33140b5fda2fd79cee95) Importer(815301076,1909f56bfc062723c751e8b465ee728b)  -> (artifact id: '6f19df84e621a5a3cca7fb51f946106e') in 0.027112 seconds
Number of updated asset objects reloaded before import = 0
Number of asset objects unloaded after import = 7
========================================================================
Received Import Request.
  Time since last request: 3.239135 seconds.
  path: Assets/Textures/Ceiling/Ceiling.mat
  artifactKey: Guid(97e998a84f1b91b42ae96c08e4680dde) Importer(815301076,1909f56bfc062723c751e8b465ee728b)
Start importing Assets/Textures/Ceiling/Ceiling.mat using Guid(97e998a84f1b91b42ae96c08e4680dde) Importer(815301076,1909f56bfc062723c751e8b465ee728b)  -> (artifact id: 'bf905f30709965f515d3da9e47c9c9be') in 0.017327 seconds
Number of updated asset objects reloaded before import = 0
Number of asset objects unloaded after import = 4
========================================================================
Received Import Request.
  Time since last request: 582.637376 seconds.
  path: Assets/BigFurniturePack/Prefabs/Tables
  artifactKey: Guid(f6de8545e5d2a4248b18ff6f0a57f95f) Importer(815301076,1909f56bfc062723c751e8b465ee728b)
Start importing Assets/BigFurniturePack/Prefabs/Tables using Guid(f6de8545e5d2a4248b18ff6f0a57f95f) Importer(815301076,1909f56bfc062723c751e8b465ee728b)  -> (artifact id: '405163e7ef676ed7f3594df804460014') in 0.000674 seconds
Number of updated asset objects reloaded before import = 0
Number of asset objects unloaded after import = 0
========================================================================
Received Import Request.
  Time since last request: 170.670363 seconds.
  path: Assets/BigFurniturePack/Prefabs/Lights
  artifactKey: Guid(e2e6d1a423fcdad4d93f8abfd05a4abc) Importer(815301076,1909f56bfc062723c751e8b465ee728b)
Start importing Assets/BigFurniturePack/Prefabs/Lights using Guid(e2e6d1a423fcdad4d93f8abfd05a4abc) Importer(815301076,1909f56bfc062723c751e8b465ee728b)  -> (artifact id: '02478f8db1d6462b6be67fa91cdd56d3') in 0.000581 seconds
Number of updated asset objects reloaded before import = 0
Number of asset objects unloaded after import = 0
========================================================================
Received Import Request.
  Time since last request: 0.034022 seconds.
  path: Assets/BigFurniturePack/Prefabs/Lights/torchere_1.prefab
  artifactKey: Guid(f4383bc7fc56a1e44b009cab877fd6c7) Importer(815301076,1909f56bfc062723c751e8b465ee728b)
Start importing Assets/BigFurniturePack/Prefabs/Lights/torchere_1.prefab using Guid(f4383bc7fc56a1e44b009cab877fd6c7) Importer(815301076,1909f56bfc062723c751e8b465ee728b)  -> (artifact id: '1b873c8b6a2681ca1d597909d291b878') in 0.013513 seconds
Number of updated asset objects reloaded before import = 0
Number of asset objects unloaded after import = 15
========================================================================
Received Import Request.
  Time since last request: 0.000016 seconds.
  path: Assets/BigFurniturePack/Prefabs/Lights/wall_lighter.prefab
  artifactKey: Guid(abf9c9ddc7f2f9d4fb450f472036aee7) Importer(815301076,1909f56bfc062723c751e8b465ee728b)
Start importing Assets/BigFurniturePack/Prefabs/Lights/wall_lighter.prefab using Guid(abf9c9ddc7f2f9d4fb450f472036aee7) Importer(815301076,1909f56bfc062723c751e8b465ee728b)  -> (artifact id: 'a6846f5beb74645182f0bb4555921434') in 0.011257 seconds
Number of updated asset objects reloaded before import = 0
Number of asset objects unloaded after import = 20
========================================================================
Received Import Request.
  Time since last request: 0.000017 seconds.
  path: Assets/BigFurniturePack/Prefabs/Lights/torchere_3.prefab
  artifactKey: Guid(bac686a178055394f9dfa2e461faba8b) Importer(815301076,1909f56bfc062723c751e8b465ee728b)
Start importing Assets/BigFurniturePack/Prefabs/Lights/torchere_3.prefab using Guid(bac686a178055394f9dfa2e461faba8b) Importer(815301076,1909f56bfc062723c751e8b465ee728b)  -> (artifact id: '736f35cc8d81a019df9eeea0b257283e') in 0.012076 seconds
Number of updated asset objects reloaded before import = 0
Number of asset objects unloaded after import = 20
========================================================================
Received Import Request.
  Time since last request: 40.050118 seconds.
  path: Assets/BigFurniturePack/Prefabs/Mirrors
  artifactKey: Guid(56758e6d638e1644792e29545140ad8c) Importer(815301076,1909f56bfc062723c751e8b465ee728b)
Start importing Assets/BigFurniturePack/Prefabs/Mirrors using Guid(56758e6d638e1644792e29545140ad8c) Importer(815301076,1909f56bfc062723c751e8b465ee728b)  -> (artifact id: '6ec745f0bf05a413db9835426eb33e21') in 0.000369 seconds
Number of updated asset objects reloaded before import = 0
Number of asset objects unloaded after import = 0
========================================================================
Received Import Request.
  Time since last request: 0.063894 seconds.
  path: Assets/BigFurniturePack/Prefabs/Mirrors/mirror_1.prefab
  artifactKey: Guid(8920164852daafb4ea1cbf5c4f29f9c6) Importer(815301076,1909f56bfc062723c751e8b465ee728b)
Start importing Assets/BigFurniturePack/Prefabs/Mirrors/mirror_1.prefab using Guid(8920164852daafb4ea1cbf5c4f29f9c6) Importer(815301076,1909f56bfc062723c751e8b465ee728b)  -> (artifact id: '351d162456928226d8e64aba0e4f7ff5') in 0.028158 seconds
Number of updated asset objects reloaded before import = 0
Number of asset objects unloaded after import = 15
========================================================================
Received Import Request.
  Time since last request: 0.000023 seconds.
  path: Assets/BigFurniturePack/Prefabs/Mirrors/mirror_4.prefab
  artifactKey: Guid(13756c1016e72ca44ae334c3465ca020) Importer(815301076,1909f56bfc062723c751e8b465ee728b)
Start importing Assets/BigFurniturePack/Prefabs/Mirrors/mirror_4.prefab using Guid(13756c1016e72ca44ae334c3465ca020) Importer(815301076,1909f56bfc062723c751e8b465ee728b)  -> (artifact id: '90e33155d1d84ccd866547fb5d1fcd7d') in 0.014530 seconds
Number of updated asset objects reloaded before import = 0
Number of asset objects unloaded after import = 15
========================================================================
Received Import Request.
  Time since last request: 1.627523 seconds.
  path: Assets/BigFurniturePack/Prefabs/Modular kitchen
  artifactKey: Guid(8fa2a3bbb791db5469073bb44e90868a) Importer(815301076,1909f56bfc062723c751e8b465ee728b)
Start importing Assets/BigFurniturePack/Prefabs/Modular kitchen using Guid(8fa2a3bbb791db5469073bb44e90868a) Importer(815301076,1909f56bfc062723c751e8b465ee728b)  -> (artifact id: 'b56bc59aa03efd9745fb23f8dd7bca23') in 0.000383 seconds
Number of updated asset objects reloaded before import = 0
Number of asset objects unloaded after import = 0
========================================================================
Received Import Request.
  Time since last request: 0.047559 seconds.
  path: Assets/BigFurniturePack/Prefabs/Modular kitchen/kitchen_shelf_1.prefab
  artifactKey: Guid(bab2957dd377aea42995c59df2777846) Importer(815301076,1909f56bfc062723c751e8b465ee728b)
Start importing Assets/BigFurniturePack/Prefabs/Modular kitchen/kitchen_shelf_1.prefab using Guid(bab2957dd377aea42995c59df2777846) Importer(815301076,1909f56bfc062723c751e8b465ee728b)  -> (artifact id: '86553887c6e3a811569115a8ef6a3c4f') in 0.027030 seconds
Number of updated asset objects reloaded before import = 0
Number of asset objects unloaded after import = 30
Editor requested this worker to shutdown with reason: Scaling down because of idle timeout
TcpMessagingSession - receive error: operation aborted. errorcode: 995, details: The I/O operation has been aborted because of either a thread exit or an application request.
AssetImportWorker is now disconnected from the server
Process exiting
Exiting without the bug reporter. Application will terminate with return code 0