Using pre-set license
Built from '2022.3/staging' branch; Version is '2022.3.9f1 (ea401c316338) revision 15351836'; Using compiler version '192829333'; Build Type 'Release'
OS: 'Windows 10  (10.0.19045) 64bit Professional' Language: 'en' Physical Memory: 32605 MB
BatchMode: 1, IsHumanControllingUs: 0, StartBugReporterOnCrash: 0, Is64bit: 1, IsPro: 1

COMMAND LINE ARGUMENTS:
C:\Program Files\Unity\Hub\Editor\2022.3.9f1\Editor\Unity.exe
-adb2
-batchMode
-noUpm
-name
AssetImportWorker5
-projectPath
C:/Users/keray/Unity3d/MemoryGame/MemoryRoom
-logFile
Logs/AssetImportWorker5.log
-srvPort
58195
Successfully changed project path to: C:/Users/keray/Unity3d/MemoryGame/MemoryRoom
C:/Users/keray/Unity3d/MemoryGame/MemoryRoom
[UnityMemory] Configuration Parameters - Can be set up in boot.config
    "memorysetup-bucket-allocator-granularity=16"
    "memorysetup-bucket-allocator-bucket-count=8"
    "memorysetup-bucket-allocator-block-size=33554432"
    "memorysetup-bucket-allocator-block-count=8"
    "memorysetup-main-allocator-block-size=16777216"
    "memorysetup-thread-allocator-block-size=16777216"
    "memorysetup-gfx-main-allocator-block-size=16777216"
    "memorysetup-gfx-thread-allocator-block-size=16777216"
    "memorysetup-cache-allocator-block-size=4194304"
    "memorysetup-typetree-allocator-block-size=2097152"
    "memorysetup-profiler-bucket-allocator-granularity=16"
    "memorysetup-profiler-bucket-allocator-bucket-count=8"
    "memorysetup-profiler-bucket-allocator-block-size=33554432"
    "memorysetup-profiler-bucket-allocator-block-count=8"
    "memorysetup-profiler-allocator-block-size=16777216"
    "memorysetup-profiler-editor-allocator-block-size=1048576"
    "memorysetup-temp-allocator-size-main=16777216"
    "memorysetup-job-temp-allocator-block-size=2097152"
    "memorysetup-job-temp-allocator-block-size-background=1048576"
    "memorysetup-job-temp-allocator-reduction-small-platforms=262144"
    "memorysetup-allocator-temp-initial-block-size-main=262144"
    "memorysetup-allocator-temp-initial-block-size-worker=262144"
    "memorysetup-temp-allocator-size-background-worker=32768"
    "memorysetup-temp-allocator-size-job-worker=262144"
    "memorysetup-temp-allocator-size-preload-manager=33554432"
    "memorysetup-temp-allocator-size-nav-mesh-worker=65536"
    "memorysetup-temp-allocator-size-audio-worker=65536"
    "memorysetup-temp-allocator-size-cloud-worker=32768"
    "memorysetup-temp-allocator-size-gi-baking-worker=262144"
    "memorysetup-temp-allocator-size-gfx=262144"
Player connection [4924] Host "[IP] 192.168.1.63 [Port] 0 [Flags] 2 [Guid] 1683307804 [EditorId] 1683307804 [Version] 1048832 [Id] WindowsEditor(7,DESKTOP-GKT6A7J) [Debug] 1 [PackageName] WindowsEditor [ProjectName] Editor" joined multi-casting on [225.0.0.222:54997]...

Player connection [4924] Host "[IP] 192.168.1.63 [Port] 0 [Flags] 2 [Guid] 1683307804 [EditorId] 1683307804 [Version] 1048832 [Id] WindowsEditor(7,DESKTOP-GKT6A7J) [Debug] 1 [PackageName] WindowsEditor [ProjectName] Editor" joined alternative multi-casting on [225.0.0.222:34997]...

[Physics::Module] Initialized MultithreadedJobDispatcher with 11 workers.
Refreshing native plugins compatible for Editor in 4.86 ms, found 3 plugins.
Preloading 0 native plugins for Editor in 0.00 ms.
Initialize engine version: 2022.3.9f1 (ea401c316338)
[Subsystems] Discovering subsystems at path C:/Program Files/Unity/Hub/Editor/2022.3.9f1/Editor/Data/Resources/UnitySubsystems
[Subsystems] Discovering subsystems at path C:/Users/keray/Unity3d/MemoryGame/MemoryRoom/Assets
GfxDevice: creating device client; threaded=0; jobified=0
Direct3D:
    Version:  Direct3D 11.0 [level 11.1]
    Renderer: AMD Radeon RX 7600 (ID=0x7480)
    Vendor:   ATI
    VRAM:     8128 MB
    Driver:   31.0.22030.2
Initialize mono
Mono path[0] = 'C:/Program Files/Unity/Hub/Editor/2022.3.9f1/Editor/Data/Managed'
Mono path[1] = 'C:/Program Files/Unity/Hub/Editor/2022.3.9f1/Editor/Data/MonoBleedingEdge/lib/mono/unityjit-win32'
Mono config path = 'C:/Program Files/Unity/Hub/Editor/2022.3.9f1/Editor/Data/MonoBleedingEdge/etc'
Using monoOptions --debugger-agent=transport=dt_socket,embedding=1,server=y,suspend=n,address=127.0.0.1:56232
Begin MonoManager ReloadAssembly
Registering precompiled unity dll's ...
Register platform support module: C:/Program Files/Unity/Hub/Editor/2022.3.9f1/Editor/Data/PlaybackEngines/WindowsStandaloneSupport/UnityEditor.WindowsStandalone.Extensions.dll
Registered in 0.006019 seconds.
- Loaded All Assemblies, in  0.249 seconds
Native extension for WindowsStandalone target not found
Mono: successfully reloaded assembly
- Finished resetting the current domain, in  0.195 seconds
Domain Reload Profiling: 443ms
	BeginReloadAssembly (79ms)
		ExecutionOrderSort (0ms)
		DisableScriptedObjects (0ms)
		BackupInstance (0ms)
		ReleaseScriptingObjects (0ms)
		CreateAndSetChildDomain (1ms)
	RebuildCommonClasses (25ms)
	RebuildNativeTypeToScriptingClass (8ms)
	initialDomainReloadingComplete (43ms)
	LoadAllAssembliesAndSetupDomain (93ms)
		LoadAssemblies (78ms)
		RebuildTransferFunctionScriptingTraits (0ms)
		AnalyzeDomain (92ms)
			TypeCache.Refresh (91ms)
				TypeCache.ScanAssembly (82ms)
			ScanForSourceGeneratedMonoScriptInfo (0ms)
			ResolveRequiredComponents (0ms)
	FinalizeReload (195ms)
		ReleaseScriptCaches (0ms)
		RebuildScriptCaches (0ms)
		SetupLoadedEditorAssemblies (152ms)
			LogAssemblyErrors (0ms)
			InitializePlatformSupportModulesInManaged (7ms)
			SetLoadedEditorAssemblies (6ms)
			RefreshPlugins (0ms)
			BeforeProcessingInitializeOnLoad (2ms)
			ProcessInitializeOnLoadAttributes (98ms)
			ProcessInitializeOnLoadMethodAttributes (39ms)
			AfterProcessingInitializeOnLoad (0ms)
			EditorAssembliesLoaded (0ms)
		ExecutionOrderSort2 (0ms)
		AwakeInstancesAfterBackupRestoration (0ms)
========================================================================
Worker process is ready to serve import requests
Begin MonoManager ReloadAssembly
- Loaded All Assemblies, in  0.484 seconds
Refreshing native plugins compatible for Editor in 1.88 ms, found 3 plugins.
Native extension for WindowsStandalone target not found
Package Manager log level set to [2]
[Package Manager] Server::EnsureServerProcessIsRunning -- launch failed, reason: Unity was launched with the -noUpm command-line argument
[Package Manager] UpmClient::Send -- Unable to send message (not connected to UPM process).
[Package Manager] Cannot connect to Unity Package Manager local server
Mono: successfully reloaded assembly
- Finished resetting the current domain, in  0.484 seconds
Domain Reload Profiling: 966ms
	BeginReloadAssembly (113ms)
		ExecutionOrderSort (0ms)
		DisableScriptedObjects (4ms)
		BackupInstance (0ms)
		ReleaseScriptingObjects (0ms)
		CreateAndSetChildDomain (15ms)
	RebuildCommonClasses (26ms)
	RebuildNativeTypeToScriptingClass (8ms)
	initialDomainReloadingComplete (35ms)
	LoadAllAssembliesAndSetupDomain (299ms)
		LoadAssemblies (225ms)
		RebuildTransferFunctionScriptingTraits (0ms)
		AnalyzeDomain (142ms)
			TypeCache.Refresh (123ms)
				TypeCache.ScanAssembly (112ms)
			ScanForSourceGeneratedMonoScriptInfo (15ms)
			ResolveRequiredComponents (3ms)
	FinalizeReload (484ms)
		ReleaseScriptCaches (0ms)
		RebuildScriptCaches (0ms)
		SetupLoadedEditorAssemblies (358ms)
			LogAssemblyErrors (0ms)
			InitializePlatformSupportModulesInManaged (6ms)
			SetLoadedEditorAssemblies (2ms)
			RefreshPlugins (0ms)
			BeforeProcessingInitializeOnLoad (52ms)
			ProcessInitializeOnLoadAttributes (276ms)
			ProcessInitializeOnLoadMethodAttributes (16ms)
			AfterProcessingInitializeOnLoad (5ms)
			EditorAssembliesLoaded (0ms)
		ExecutionOrderSort2 (0ms)
		AwakeInstancesAfterBackupRestoration (7ms)
Launched and connected shader compiler UnityShaderCompiler.exe after 0.03 seconds
Refreshing native plugins compatible for Editor in 1.83 ms, found 3 plugins.
Preloading 0 native plugins for Editor in 0.00 ms.
Unloading 3640 Unused Serialized files (Serialized files now loaded: 0)
Unloading 61 unused Assets / (2.4 MB). Loaded Objects now: 4082.
Memory consumption went from 149.8 MB to 147.4 MB.
Total: 2.732200 ms (FindLiveObjects: 0.170100 ms CreateObjectMapping: 0.077400 ms MarkObjects: 1.947300 ms  DeleteObjects: 0.536500 ms)

AssetImportParameters requested are different than current active one (requested -> active):
  custom:container-demuxer-ogg: 62fdf1f143b41e24485cea50d1cbac27 -> 
  custom:video-decoder-ogg-theora: a1e56fd34408186e4bbccfd4996cb3dc -> 
  custom:framework-win-MediaFoundation: 216162199b28c13a410421893ffa2e32 -> 
  custom:CustomObjectIndexerAttribute: 756ad292c208cfabdd7b50bc23989ffe -> 
  custom:container-demuxer-webm: 4f35f7cbe854078d1ac9338744f61a02 -> 
  custom:container-muxer-webm: aa71ff27fc2769a1b78a27578f13a17b -> 
  custom:video-decoder-webm-vp8: 9c59270c3fd7afecdb556c50c9e8de78 -> 
  custom:SearchIndexIgnoredProperties: e643bd26f0fe6173181afceb89e7c659 -> 
  custom:AudioImporter_EditorPlatform: d09bf68614088b80899f8185d706f6e7 -> 
  custom:video-encoder-webm-vp8: eb34c28f22e8b96e1ab97ce403110664 -> 
  custom:audio-decoder-ogg-vorbis: bf7c407c2cedff20999df2af8eb42d56 -> 
  custom:audio-encoder-webm-vorbis: bf7c407c2cedff20999df2af8eb42d56 -> 
========================================================================
Received Import Request.
  Time since last request: 315266.894372 seconds.
  path: Assets/Toon Furniture/Textures/Coffe_Table_1_2.png
  artifactKey: Guid(6a92952067e00bc499f83883d45302ff) Importer(815301076,1909f56bfc062723c751e8b465ee728b)
Start importing Assets/Toon Furniture/Textures/Coffe_Table_1_2.png using Guid(6a92952067e00bc499f83883d45302ff) Importer(815301076,1909f56bfc062723c751e8b465ee728b)  -> (artifact id: 'e36f75896e239a8dd567e0aa8d2a1197') in 0.068283 seconds
Number of updated asset objects reloaded before import = 0
Number of asset objects unloaded after import = 2
========================================================================
Received Import Request.
  Time since last request: 0.000017 seconds.
  path: Assets/Toon Furniture/Models/Coffee_Table_3.fbx
  artifactKey: Guid(45276210d7d92ae439d4f9ba0fd6f6ba) Importer(815301076,1909f56bfc062723c751e8b465ee728b)
Start importing Assets/Toon Furniture/Models/Coffee_Table_3.fbx using Guid(45276210d7d92ae439d4f9ba0fd6f6ba) Importer(815301076,1909f56bfc062723c751e8b465ee728b)  -> (artifact id: 'cfe6fa207e31ace75f32f026e0387982') in 0.081481 seconds
Number of updated asset objects reloaded before import = 0
Number of asset objects unloaded after import = 18
========================================================================
Received Import Request.
  Time since last request: 0.000018 seconds.
  path: Assets/Toon Furniture/Textures/Couch_1_Detail.png
  artifactKey: Guid(594f267fad4133048ac38c43d5207d6d) Importer(815301076,1909f56bfc062723c751e8b465ee728b)
Start importing Assets/Toon Furniture/Textures/Couch_1_Detail.png using Guid(594f267fad4133048ac38c43d5207d6d) Importer(815301076,1909f56bfc062723c751e8b465ee728b)  -> (artifact id: '93e512573cb3d98d1ca2923ea0c56802') in 0.014882 seconds
Number of updated asset objects reloaded before import = 0
Number of asset objects unloaded after import = 2
========================================================================
Received Import Request.
  Time since last request: 0.000017 seconds.
  path: Assets/BigFurniturePack/Prefabs/Modular kitchen/modular_kitchen_table_3.prefab
  artifactKey: Guid(66e6284526c4a2645a28827f82a71cfd) Importer(815301076,1909f56bfc062723c751e8b465ee728b)
Start importing Assets/BigFurniturePack/Prefabs/Modular kitchen/modular_kitchen_table_3.prefab using Guid(66e6284526c4a2645a28827f82a71cfd) Importer(815301076,1909f56bfc062723c751e8b465ee728b)  -> (artifact id: '06c5a36a0650dacd7999173f7a86b0da') in 0.011014 seconds
Number of updated asset objects reloaded before import = 0
Number of asset objects unloaded after import = 30
========================================================================
Received Import Request.
  Time since last request: 0.000014 seconds.
  path: Assets/Toon Furniture/Materials/CoffeTable_2.mat
  artifactKey: Guid(1b65b2b3727708e4da4d8a95d568cb40) Importer(815301076,1909f56bfc062723c751e8b465ee728b)
Start importing Assets/Toon Furniture/Materials/CoffeTable_2.mat using Guid(1b65b2b3727708e4da4d8a95d568cb40) Importer(815301076,1909f56bfc062723c751e8b465ee728b)  -> (artifact id: '1283900f972ed2eae10fe1072a797f91') in 0.029566 seconds
Number of updated asset objects reloaded before import = 0
Number of asset objects unloaded after import = 3
========================================================================
Received Import Request.
  Time since last request: 0.000018 seconds.
  path: Assets/Toon Furniture/Textures/Coffe_Table_3_2.png
  artifactKey: Guid(33bbbe464a9423341a8155bda4859500) Importer(815301076,1909f56bfc062723c751e8b465ee728b)
Start importing Assets/Toon Furniture/Textures/Coffe_Table_3_2.png using Guid(33bbbe464a9423341a8155bda4859500) Importer(815301076,1909f56bfc062723c751e8b465ee728b)  -> (artifact id: 'dc756ae24c210ae8ffcce407c830359a') in 0.014596 seconds
Number of updated asset objects reloaded before import = 0
Number of asset objects unloaded after import = 2
========================================================================
Received Import Request.
  Time since last request: 0.000025 seconds.
  path: Assets/Toon Furniture/Materials/CoffeTable_3.mat
  artifactKey: Guid(bba0acb555465444a943f2e809f686f7) Importer(815301076,1909f56bfc062723c751e8b465ee728b)
Start importing Assets/Toon Furniture/Materials/CoffeTable_3.mat using Guid(bba0acb555465444a943f2e809f686f7) Importer(815301076,1909f56bfc062723c751e8b465ee728b)  -> (artifact id: '7ea4009f7cd766cb76beb0b6a741dc8f') in 0.012100 seconds
Number of updated asset objects reloaded before import = 0
Number of asset objects unloaded after import = 3
========================================================================
Received Import Request.
  Time since last request: 0.000013 seconds.
  path: Assets/BigFurniturePack/Prefabs/Modular kitchen/modular_kitchen_table_1.prefab
  artifactKey: Guid(8bc0238f058e4164f9eb9123a975cbe6) Importer(815301076,1909f56bfc062723c751e8b465ee728b)
Start importing Assets/BigFurniturePack/Prefabs/Modular kitchen/modular_kitchen_table_1.prefab using Guid(8bc0238f058e4164f9eb9123a975cbe6) Importer(815301076,1909f56bfc062723c751e8b465ee728b)  -> (artifact id: '8f86c8abac11351781133d4eb53b1b58') in 0.010525 seconds
Number of updated asset objects reloaded before import = 0
Number of asset objects unloaded after import = 30
========================================================================
Received Import Request.
  Time since last request: 0.000017 seconds.
  path: Assets/BigFurniturePack/Prefabs/Modular kitchen/modular_kitchen_table_2.prefab
  artifactKey: Guid(7d0701320ee303d439feed9498b8d336) Importer(815301076,1909f56bfc062723c751e8b465ee728b)
Start importing Assets/BigFurniturePack/Prefabs/Modular kitchen/modular_kitchen_table_2.prefab using Guid(7d0701320ee303d439feed9498b8d336) Importer(815301076,1909f56bfc062723c751e8b465ee728b)  -> (artifact id: 'd09b3ccbf55f44bd1c9a4eddd7529d5c') in 0.010768 seconds
Number of updated asset objects reloaded before import = 0
Number of asset objects unloaded after import = 30
========================================================================
Received Import Request.
  Time since last request: 0.000014 seconds.
  path: Assets/Toon Furniture/Models/Coffee_Table_4.fbx
  artifactKey: Guid(8b77ab8a65e9c9e4ba013ba2868ef6b8) Importer(815301076,1909f56bfc062723c751e8b465ee728b)
Start importing Assets/Toon Furniture/Models/Coffee_Table_4.fbx using Guid(8b77ab8a65e9c9e4ba013ba2868ef6b8) Importer(815301076,1909f56bfc062723c751e8b465ee728b)  -> (artifact id: 'e74d997befb4f2fe1a3f9b770df30e62') in 0.019226 seconds
Number of updated asset objects reloaded before import = 0
Number of asset objects unloaded after import = 18
========================================================================
Received Import Request.
  Time since last request: 0.766114 seconds.
  path: Assets/BigFurniturePack/Prefabs/Modular kitchen/modular_kitchen_table_4_INV.prefab
  artifactKey: Guid(3ef68bc6de3dfab4daadb71aec4656bf) Importer(815301076,1909f56bfc062723c751e8b465ee728b)
Start importing Assets/BigFurniturePack/Prefabs/Modular kitchen/modular_kitchen_table_4_INV.prefab using Guid(3ef68bc6de3dfab4daadb71aec4656bf) Importer(815301076,1909f56bfc062723c751e8b465ee728b)  -> (artifact id: 'e66a7feb6d2066d34f32205bf263c001') in 0.011174 seconds
Number of updated asset objects reloaded before import = 0
Number of asset objects unloaded after import = 55
========================================================================
Received Import Request.
  Time since last request: 0.000016 seconds.
  path: Assets/Toon Furniture/Textures/Table_1_2.png
  artifactKey: Guid(4a11566fbb99958419e194cd6c417d12) Importer(815301076,1909f56bfc062723c751e8b465ee728b)
Start importing Assets/Toon Furniture/Textures/Table_1_2.png using Guid(4a11566fbb99958419e194cd6c417d12) Importer(815301076,1909f56bfc062723c751e8b465ee728b)  -> (artifact id: '7808c1d32280824f70b39b882b64ef2e') in 0.015397 seconds
Number of updated asset objects reloaded before import = 0
Number of asset objects unloaded after import = 2
========================================================================
Received Import Request.
  Time since last request: 0.000013 seconds.
  path: Assets/Toon Furniture/Models/Table_1.fbx
  artifactKey: Guid(6def73f8311645b47a2d3ae4d6afb91f) Importer(815301076,1909f56bfc062723c751e8b465ee728b)
Start importing Assets/Toon Furniture/Models/Table_1.fbx using Guid(6def73f8311645b47a2d3ae4d6afb91f) Importer(815301076,1909f56bfc062723c751e8b465ee728b)  -> (artifact id: 'be76235909f026777d62ca8dabe224f9') in 0.024063 seconds
Number of updated asset objects reloaded before import = 0
Number of asset objects unloaded after import = 14
========================================================================
Received Import Request.
  Time since last request: 1246.802408 seconds.
  path: Assets/BigFurniturePack/Prefabs/Lights/torchere_2.prefab
  artifactKey: Guid(5ab7df4388e0265499e7e58faf1d6aed) Importer(815301076,1909f56bfc062723c751e8b465ee728b)
Start importing Assets/BigFurniturePack/Prefabs/Lights/torchere_2.prefab using Guid(5ab7df4388e0265499e7e58faf1d6aed) Importer(815301076,1909f56bfc062723c751e8b465ee728b)  -> (artifact id: '6abcd70afb7a7f93d885ae86320ce5fb') in 0.012996 seconds
Number of updated asset objects reloaded before import = 0
Number of asset objects unloaded after import = 20
========================================================================
Received Import Request.
  Time since last request: 0.000018 seconds.
  path: Assets/BigFurniturePack/Prefabs/Lights/torchere_4.prefab
  artifactKey: Guid(ab7e43b46e30f5a409fe73d7d545bfa4) Importer(815301076,1909f56bfc062723c751e8b465ee728b)
Start importing Assets/BigFurniturePack/Prefabs/Lights/torchere_4.prefab using Guid(ab7e43b46e30f5a409fe73d7d545bfa4) Importer(815301076,1909f56bfc062723c751e8b465ee728b)  -> (artifact id: 'd181cde692352a093af52fcb9fe313a4') in 0.011333 seconds
Number of updated asset objects reloaded before import = 0
Number of asset objects unloaded after import = 15
========================================================================
Received Import Request.
  Time since last request: 40.128812 seconds.
  path: Assets/BigFurniturePack/Prefabs/Mirrors/mirror_2.prefab
  artifactKey: Guid(5692ea7adcac2734186a38415b80ea09) Importer(815301076,1909f56bfc062723c751e8b465ee728b)
Start importing Assets/BigFurniturePack/Prefabs/Mirrors/mirror_2.prefab using Guid(5692ea7adcac2734186a38415b80ea09) Importer(815301076,1909f56bfc062723c751e8b465ee728b)  -> (artifact id: 'a1ed05c0ca3bc63e948f1868a893d1ec') in 0.029688 seconds
Number of updated asset objects reloaded before import = 0
Number of asset objects unloaded after import = 15
========================================================================
Received Import Request.
  Time since last request: 1.692345 seconds.
  path: Assets/BigFurniturePack/Prefabs/Modular kitchen/kitchen_shelf_2.prefab
  artifactKey: Guid(da7880317cad2524a93cbb6056bbc922) Importer(815301076,1909f56bfc062723c751e8b465ee728b)
Start importing Assets/BigFurniturePack/Prefabs/Modular kitchen/kitchen_shelf_2.prefab using Guid(da7880317cad2524a93cbb6056bbc922) Importer(815301076,1909f56bfc062723c751e8b465ee728b)  -> (artifact id: '8b82e586459fd5df1c0035df0f1e5c12') in 0.025709 seconds
Number of updated asset objects reloaded before import = 0
Number of asset objects unloaded after import = 20
========================================================================
Received Import Request.
  Time since last request: 0.000019 seconds.
  path: Assets/BigFurniturePack/Prefabs/Modular kitchen/kitchen_shelf_corner_INV.prefab
  artifactKey: Guid(d6914444abecec94792cba630fe392e3) Importer(815301076,1909f56bfc062723c751e8b465ee728b)
Start importing Assets/BigFurniturePack/Prefabs/Modular kitchen/kitchen_shelf_corner_INV.prefab using Guid(d6914444abecec94792cba630fe392e3) Importer(815301076,1909f56bfc062723c751e8b465ee728b)  -> (artifact id: '24aa40229b72969ef6bdb061071bd5b2') in 0.012505 seconds
Number of updated asset objects reloaded before import = 0
Number of asset objects unloaded after import = 20
