Using pre-set license
Built from '2022.3/staging' branch; Version is '2022.3.9f1 (ea401c316338) revision 15351836'; Using compiler version '192829333'; Build Type 'Release'
OS: 'Windows 10  (10.0.19045) 64bit Professional' Language: 'en' Physical Memory: 32605 MB
BatchMode: 1, IsHumanControllingUs: 0, StartBugReporterOnCrash: 0, Is64bit: 1, IsPro: 1

COMMAND LINE ARGUMENTS:
C:\Program Files\Unity\Hub\Editor\2022.3.9f1\Editor\Unity.exe
-adb2
-batchMode
-noUpm
-name
AssetImportWorker2
-projectPath
C:/Users/keray/Unity3d/MemoryGame/MemoryRoom
-logFile
Logs/AssetImportWorker2.log
-srvPort
61390
Successfully changed project path to: C:/Users/keray/Unity3d/MemoryGame/MemoryRoom
C:/Users/keray/Unity3d/MemoryGame/MemoryRoom
[UnityMemory] Configuration Parameters - Can be set up in boot.config
    "memorysetup-bucket-allocator-granularity=16"
    "memorysetup-bucket-allocator-bucket-count=8"
    "memorysetup-bucket-allocator-block-size=33554432"
    "memorysetup-bucket-allocator-block-count=8"
    "memorysetup-main-allocator-block-size=16777216"
    "memorysetup-thread-allocator-block-size=16777216"
    "memorysetup-gfx-main-allocator-block-size=16777216"
    "memorysetup-gfx-thread-allocator-block-size=16777216"
    "memorysetup-cache-allocator-block-size=4194304"
    "memorysetup-typetree-allocator-block-size=2097152"
    "memorysetup-profiler-bucket-allocator-granularity=16"
    "memorysetup-profiler-bucket-allocator-bucket-count=8"
    "memorysetup-profiler-bucket-allocator-block-size=33554432"
    "memorysetup-profiler-bucket-allocator-block-count=8"
    "memorysetup-profiler-allocator-block-size=16777216"
    "memorysetup-profiler-editor-allocator-block-size=1048576"
    "memorysetup-temp-allocator-size-main=16777216"
    "memorysetup-job-temp-allocator-block-size=2097152"
    "memorysetup-job-temp-allocator-block-size-background=1048576"
    "memorysetup-job-temp-allocator-reduction-small-platforms=262144"
    "memorysetup-allocator-temp-initial-block-size-main=262144"
    "memorysetup-allocator-temp-initial-block-size-worker=262144"
    "memorysetup-temp-allocator-size-background-worker=32768"
    "memorysetup-temp-allocator-size-job-worker=262144"
    "memorysetup-temp-allocator-size-preload-manager=33554432"
    "memorysetup-temp-allocator-size-nav-mesh-worker=65536"
    "memorysetup-temp-allocator-size-audio-worker=65536"
    "memorysetup-temp-allocator-size-cloud-worker=32768"
    "memorysetup-temp-allocator-size-gi-baking-worker=262144"
    "memorysetup-temp-allocator-size-gfx=262144"
Player connection [704] Host "[IP] 192.168.1.7 [Port] 0 [Flags] 2 [Guid] 1024193874 [EditorId] 1024193874 [Version] 1048832 [Id] WindowsEditor(7,DESKTOP-GKT6A7J) [Debug] 1 [PackageName] WindowsEditor [ProjectName] Editor" joined multi-casting on [225.0.0.222:54997]...

Player connection [704] Host "[IP] 192.168.1.7 [Port] 0 [Flags] 2 [Guid] 1024193874 [EditorId] 1024193874 [Version] 1048832 [Id] WindowsEditor(7,DESKTOP-GKT6A7J) [Debug] 1 [PackageName] WindowsEditor [ProjectName] Editor" joined alternative multi-casting on [225.0.0.222:34997]...

[Physics::Module] Initialized MultithreadedJobDispatcher with 11 workers.
Refreshing native plugins compatible for Editor in 5.29 ms, found 3 plugins.
Preloading 0 native plugins for Editor in 0.00 ms.
Initialize engine version: 2022.3.9f1 (ea401c316338)
[Subsystems] Discovering subsystems at path C:/Program Files/Unity/Hub/Editor/2022.3.9f1/Editor/Data/Resources/UnitySubsystems
[Subsystems] Discovering subsystems at path C:/Users/keray/Unity3d/MemoryGame/MemoryRoom/Assets
GfxDevice: creating device client; threaded=0; jobified=0
Direct3D:
    Version:  Direct3D 11.0 [level 11.1]
    Renderer: AMD Radeon RX 7600 (ID=0x7480)
    Vendor:   ATI
    VRAM:     8128 MB
    Driver:   31.0.22030.2
Initialize mono
Mono path[0] = 'C:/Program Files/Unity/Hub/Editor/2022.3.9f1/Editor/Data/Managed'
Mono path[1] = 'C:/Program Files/Unity/Hub/Editor/2022.3.9f1/Editor/Data/MonoBleedingEdge/lib/mono/unityjit-win32'
Mono config path = 'C:/Program Files/Unity/Hub/Editor/2022.3.9f1/Editor/Data/MonoBleedingEdge/etc'
Using monoOptions --debugger-agent=transport=dt_socket,embedding=1,server=y,suspend=n,address=127.0.0.1:56040
Begin MonoManager ReloadAssembly
Registering precompiled unity dll's ...
Register platform support module: C:/Program Files/Unity/Hub/Editor/2022.3.9f1/Editor/Data/PlaybackEngines/WindowsStandaloneSupport/UnityEditor.WindowsStandalone.Extensions.dll
Registered in 0.005331 seconds.
- Loaded All Assemblies, in  0.245 seconds
Native extension for WindowsStandalone target not found
Mono: successfully reloaded assembly
- Finished resetting the current domain, in  0.189 seconds
Domain Reload Profiling: 433ms
	BeginReloadAssembly (78ms)
		ExecutionOrderSort (0ms)
		DisableScriptedObjects (0ms)
		BackupInstance (0ms)
		ReleaseScriptingObjects (0ms)
		CreateAndSetChildDomain (1ms)
	RebuildCommonClasses (24ms)
	RebuildNativeTypeToScriptingClass (8ms)
	initialDomainReloadingComplete (42ms)
	LoadAllAssembliesAndSetupDomain (93ms)
		LoadAssemblies (77ms)
		RebuildTransferFunctionScriptingTraits (0ms)
		AnalyzeDomain (92ms)
			TypeCache.Refresh (91ms)
				TypeCache.ScanAssembly (82ms)
			ScanForSourceGeneratedMonoScriptInfo (0ms)
			ResolveRequiredComponents (0ms)
	FinalizeReload (189ms)
		ReleaseScriptCaches (0ms)
		RebuildScriptCaches (0ms)
		SetupLoadedEditorAssemblies (148ms)
			LogAssemblyErrors (0ms)
			InitializePlatformSupportModulesInManaged (7ms)
			SetLoadedEditorAssemblies (5ms)
			RefreshPlugins (0ms)
			BeforeProcessingInitializeOnLoad (1ms)
			ProcessInitializeOnLoadAttributes (96ms)
			ProcessInitializeOnLoadMethodAttributes (38ms)
			AfterProcessingInitializeOnLoad (0ms)
			EditorAssembliesLoaded (0ms)
		ExecutionOrderSort2 (0ms)
		AwakeInstancesAfterBackupRestoration (0ms)
========================================================================
Worker process is ready to serve import requests
Begin MonoManager ReloadAssembly
- Loaded All Assemblies, in  0.437 seconds
Refreshing native plugins compatible for Editor in 1.69 ms, found 3 plugins.
Native extension for WindowsStandalone target not found
Package Manager log level set to [2]
[Package Manager] Server::EnsureServerProcessIsRunning -- launch failed, reason: Unity was launched with the -noUpm command-line argument
[Package Manager] UpmClient::Send -- Unable to send message (not connected to UPM process).
[Package Manager] Cannot connect to Unity Package Manager local server
Mono: successfully reloaded assembly
- Finished resetting the current domain, in  0.414 seconds
Domain Reload Profiling: 850ms
	BeginReloadAssembly (103ms)
		ExecutionOrderSort (0ms)
		DisableScriptedObjects (4ms)
		BackupInstance (0ms)
		ReleaseScriptingObjects (0ms)
		CreateAndSetChildDomain (14ms)
	RebuildCommonClasses (24ms)
	RebuildNativeTypeToScriptingClass (8ms)
	initialDomainReloadingComplete (29ms)
	LoadAllAssembliesAndSetupDomain (271ms)
		LoadAssemblies (207ms)
		RebuildTransferFunctionScriptingTraits (0ms)
		AnalyzeDomain (124ms)
			TypeCache.Refresh (108ms)
				TypeCache.ScanAssembly (98ms)
			ScanForSourceGeneratedMonoScriptInfo (12ms)
			ResolveRequiredComponents (3ms)
	FinalizeReload (415ms)
		ReleaseScriptCaches (0ms)
		RebuildScriptCaches (0ms)
		SetupLoadedEditorAssemblies (305ms)
			LogAssemblyErrors (0ms)
			InitializePlatformSupportModulesInManaged (5ms)
			SetLoadedEditorAssemblies (2ms)
			RefreshPlugins (0ms)
			BeforeProcessingInitializeOnLoad (44ms)
			ProcessInitializeOnLoadAttributes (235ms)
			ProcessInitializeOnLoadMethodAttributes (14ms)
			AfterProcessingInitializeOnLoad (5ms)
			EditorAssembliesLoaded (0ms)
		ExecutionOrderSort2 (0ms)
		AwakeInstancesAfterBackupRestoration (7ms)
Launched and connected shader compiler UnityShaderCompiler.exe after 0.03 seconds
Refreshing native plugins compatible for Editor in 1.71 ms, found 3 plugins.
Preloading 0 native plugins for Editor in 0.00 ms.
Unloading 3507 Unused Serialized files (Serialized files now loaded: 0)
Unloading 51 unused Assets / (1.3 MB). Loaded Objects now: 3957.
Memory consumption went from 132.8 MB to 131.6 MB.
Total: 2.848900 ms (FindLiveObjects: 0.158200 ms CreateObjectMapping: 0.072600 ms MarkObjects: 2.209000 ms  DeleteObjects: 0.408400 ms)

AssetImportParameters requested are different than current active one (requested -> active):
  custom:container-demuxer-ogg: 62fdf1f143b41e24485cea50d1cbac27 -> 
  custom:video-decoder-ogg-theora: a1e56fd34408186e4bbccfd4996cb3dc -> 
  custom:framework-win-MediaFoundation: 216162199b28c13a410421893ffa2e32 -> 
  custom:CustomObjectIndexerAttribute: 756ad292c208cfabdd7b50bc23989ffe -> 
  custom:container-demuxer-webm: 4f35f7cbe854078d1ac9338744f61a02 -> 
  custom:container-muxer-webm: aa71ff27fc2769a1b78a27578f13a17b -> 
  custom:video-decoder-webm-vp8: 9c59270c3fd7afecdb556c50c9e8de78 -> 
  custom:SearchIndexIgnoredProperties: e643bd26f0fe6173181afceb89e7c659 -> 
  custom:AudioImporter_EditorPlatform: d09bf68614088b80899f8185d706f6e7 -> 
  custom:video-encoder-webm-vp8: eb34c28f22e8b96e1ab97ce403110664 -> 
  custom:audio-decoder-ogg-vorbis: bf7c407c2cedff20999df2af8eb42d56 -> 
  custom:audio-encoder-webm-vorbis: bf7c407c2cedff20999df2af8eb42d56 -> 
========================================================================
Received Import Request.
  Time since last request: 937996.411391 seconds.
  path: Assets/Materials/TextureBricks/Materials/Bricks070_2K-JPG_Color.mat
  artifactKey: Guid(d8370dbb93bd3bf45b0667cc74fba85a) Importer(815301076,1909f56bfc062723c751e8b465ee728b)
Start importing Assets/Materials/TextureBricks/Materials/Bricks070_2K-JPG_Color.mat using Guid(d8370dbb93bd3bf45b0667cc74fba85a) Importer(815301076,1909f56bfc062723c751e8b465ee728b)  -> (artifact id: '0e4e53f958f92def5e6e7fdea8bf5c0f') in 0.098457 seconds
Number of updated asset objects reloaded before import = 0
Number of asset objects unloaded after import = 2
========================================================================
Received Import Request.
  Time since last request: 6.369381 seconds.
  path: Assets/Materials/TextureBricks/Materials/Bricks070_2K-JPG_Color 1.mat
  artifactKey: Guid(0e498fa064eee8f49abed586299cef16) Importer(815301076,1909f56bfc062723c751e8b465ee728b)
Start importing Assets/Materials/TextureBricks/Materials/Bricks070_2K-JPG_Color 1.mat using Guid(0e498fa064eee8f49abed586299cef16) Importer(815301076,1909f56bfc062723c751e8b465ee728b)  -> (artifact id: '9177cc08c1bc124a30f23b71b60d2b34') in 0.014744 seconds
Number of updated asset objects reloaded before import = 0
Number of asset objects unloaded after import = 2
========================================================================
Received Import Request.
  Time since last request: 15.774655 seconds.
  path: Assets/Materials/TextureBricks/Materials/Bricks070.mat
  artifactKey: Guid(9f0528f0a2e45cf42af195e499761c3a) Importer(815301076,1909f56bfc062723c751e8b465ee728b)
Start importing Assets/Materials/TextureBricks/Materials/Bricks070.mat using Guid(9f0528f0a2e45cf42af195e499761c3a) Importer(815301076,1909f56bfc062723c751e8b465ee728b)  -> (artifact id: '4514dbe995e68c9907801d805545f44b') in 0.014324 seconds
Number of updated asset objects reloaded before import = 0
Number of asset objects unloaded after import = 2
========================================================================
Received Import Request.
  Time since last request: 142.293764 seconds.
  path: Assets/Materials/Materials/Bricks070.mat
  artifactKey: Guid(4a3ff4e721969404bbfb530803e24212) Importer(815301076,1909f56bfc062723c751e8b465ee728b)
Start importing Assets/Materials/Materials/Bricks070.mat using Guid(4a3ff4e721969404bbfb530803e24212) Importer(815301076,1909f56bfc062723c751e8b465ee728b)  -> (artifact id: '4fcb132c685e724c9220dc0b184d18f4') in 0.015928 seconds
Number of updated asset objects reloaded before import = 0
Number of asset objects unloaded after import = 1
========================================================================
Received Import Request.
  Time since last request: 288.856628 seconds.
  path: Assets/Materials
  artifactKey: Guid(1ec9f930bac4ec148b64cdb10d5ebb64) Importer(815301076,1909f56bfc062723c751e8b465ee728b)
Start importing Assets/Materials using Guid(1ec9f930bac4ec148b64cdb10d5ebb64) Importer(815301076,1909f56bfc062723c751e8b465ee728b)  -> (artifact id: '122941722c52c6c87e9a9358703de8b1') in 0.000562 seconds
Number of updated asset objects reloaded before import = 0
Number of asset objects unloaded after import = 0
========================================================================
Received Import Request.
  Time since last request: 11.497027 seconds.
  path: Assets/Textures
  artifactKey: Guid(c259b6384d6b43a4487f1cc7c86c7ea4) Importer(815301076,1909f56bfc062723c751e8b465ee728b)
Start importing Assets/Textures using Guid(c259b6384d6b43a4487f1cc7c86c7ea4) Importer(815301076,1909f56bfc062723c751e8b465ee728b)  -> (artifact id: 'e533232393e2888a5b23955348d60bba') in 0.000352 seconds
Number of updated asset objects reloaded before import = 0
Number of asset objects unloaded after import = 0
========================================================================
Received Import Request.
  Time since last request: 4.527385 seconds.
  path: Assets/Textures/Bricks066_2K-JPG.zip
  artifactKey: Guid(2a112c4b26c10eb4597c9a527e093318) Importer(815301076,1909f56bfc062723c751e8b465ee728b)
Start importing Assets/Textures/Bricks066_2K-JPG.zip using Guid(2a112c4b26c10eb4597c9a527e093318) Importer(815301076,1909f56bfc062723c751e8b465ee728b)  -> (artifact id: 'b5187e6f5e63828869176f5b92529552') in 0.001279 seconds
Number of updated asset objects reloaded before import = 0
Number of asset objects unloaded after import = 1
========================================================================
Received Import Request.
  Time since last request: 34.035370 seconds.
  path: Assets/Textures/Bricks066.png
  artifactKey: Guid(709475567a944b94baeddd2774c31ce9) Importer(815301076,1909f56bfc062723c751e8b465ee728b)
Start importing Assets/Textures/Bricks066.png using Guid(709475567a944b94baeddd2774c31ce9) Importer(815301076,1909f56bfc062723c751e8b465ee728b)  -> (artifact id: '147ea2ca9b07185dd840a3f3497c7139') in 0.031765 seconds
Number of updated asset objects reloaded before import = 0
Number of asset objects unloaded after import = 2
========================================================================
Received Import Request.
  Time since last request: 0.000015 seconds.
  path: Assets/Textures/Bricks066_2K-JPG_Displacement.jpg
  artifactKey: Guid(95f397c48a2a20840bc86dffe321bc87) Importer(815301076,1909f56bfc062723c751e8b465ee728b)
Start importing Assets/Textures/Bricks066_2K-JPG_Displacement.jpg using Guid(95f397c48a2a20840bc86dffe321bc87) Importer(815301076,1909f56bfc062723c751e8b465ee728b)  -> (artifact id: 'c362e448149a447c4c4cfb57c2525585') in 0.019246 seconds
Number of updated asset objects reloaded before import = 0
Number of asset objects unloaded after import = 2
========================================================================
Received Import Request.
  Time since last request: 0.000021 seconds.
  path: Assets/Textures/Bricks066_2K-JPG_NormalGL.jpg
  artifactKey: Guid(243c196c581062b4e8ac7069069f70d5) Importer(815301076,1909f56bfc062723c751e8b465ee728b)
Start importing Assets/Textures/Bricks066_2K-JPG_NormalGL.jpg using Guid(243c196c581062b4e8ac7069069f70d5) Importer(815301076,1909f56bfc062723c751e8b465ee728b)  -> (artifact id: '4a748a75999a01b6cefdb7f14029bf74') in 0.016850 seconds
Number of updated asset objects reloaded before import = 0
Number of asset objects unloaded after import = 2
Editor requested this worker to shutdown with reason: Scaling down because of idle timeout
TcpMessagingSession - receive error: operation aborted. errorcode: 995, details: The I/O operation has been aborted because of either a thread exit or an application request.
AssetImportWorker is now disconnected from the server
Process exiting
Exiting without the bug reporter. Application will terminate with return code 0